[ 2016-10-29T09:08:11+08:00 ] 127.0.0.1 /index.php/Adminrole/roleList
INFO: [ app_init ] --START--
INFO: Run Behavior\BuildLiteBehavior [ RunTime:0.000000s ]
INFO: [ app_init ] --END-- [ RunTime:0.000000s ]
ERR: 无法加载模块:Adminrole

[ 2016-10-29T09:08:17+08:00 ] 127.0.0.1 /index.php/Adminrole/roleList
INFO: [ app_init ] --START--
INFO: Run Behavior\BuildLiteBehavior [ RunTime:0.000000s ]
INFO: [ app_init ] --END-- [ RunTime:0.000000s ]
ERR: 无法加载模块:Adminrole

[ 2016-10-29T09:08:25+08:00 ] 127.0.0.1 /index.php/Adminrole/roleList
INFO: [ app_init ] --START--
INFO: Run Behavior\BuildLiteBehavior [ RunTime:0.000000s ]
INFO: [ app_init ] --END-- [ RunTime:0.000000s ]
ERR: 无法加载模块:Adminrole

[ 2016-10-29T09:08:46+08:00 ] 127.0.0.1 /index.php/Adminrole/roleList
INFO: [ app_init ] --START--
INFO: Run Behavior\BuildLiteBehavior [ RunTime:0.000000s ]
INFO: [ app_init ] --END-- [ RunTime:0.000000s ]
ERR: 无法加载模块:Adminrole

[ 2016-10-29T09:09:13+08:00 ] 127.0.0.1 /index.php/Adminrole/roleList
INFO: [ app_init ] --START--
INFO: Run Behavior\BuildLiteBehavior [ RunTime:0.000000s ]
INFO: [ app_init ] --END-- [ RunTime:0.000000s ]
ERR: 无法加载模块:Adminrole

[ 2016-10-29T09:09:15+08:00 ] 127.0.0.1 /index.php/Adminrole/roleList
INFO: [ app_init ] --START--
INFO: Run Behavior\BuildLiteBehavior [ RunTime:0.000000s ]
INFO: [ app_init ] --END-- [ RunTime:0.000000s ]
ERR: 无法加载模块:Adminrole

