[ 2017-03-21T09:06:07+08:00 ] 127.0.0.1 /index.php/Admin/Shop/Ajax_consent
INFO: [ app_begin ] --START--
INFO: Run Behavior\ReadHtmlCacheBehavior [ RunTime:0.000977s ]
INFO: [ app_begin ] --END-- [ RunTime:0.000977s ]
SQL: SHOW COLUMNS FROM `cms_privilege` [ RunTime:0.0117s ]
SQL: SHOW COLUMNS FROM `cms_role_user` [ RunTime:0.0117s ]
SQL: SELECT * FROM cms_role_user a LEFT JOIN cms_role_pri b ON a.role_id=b.role_id 
                          LEFT JOIN cms_privilege c ON b.pri_id=c.id   WHERE a.user_id = '6' AND c.module_name = 'admin' AND c.controller_name = 'privilege' AND c.action_name = 'Authorization' LIMIT 1   [ RunTime:0.0010s ]
SQL: SHOW COLUMNS FROM `cms_user` [ RunTime:0.0117s ]
SQL: SELECT * FROM `cms_user` WHERE `accounts` = 'test' LIMIT 1   [ RunTime:0.0010s ]
SQL: SHOW COLUMNS FROM `cms_role_user` [ RunTime:0.0117s ]
SQL: SELECT COUNT(*) AS tp_count FROM cms_role_user a LEFT JOIN cms_role_pri b ON a.role_id=b.role_id 
                       LEFT JOIN cms_privilege c ON b.pri_id=c.id   WHERE a.user_id = '6' AND c.module_name = 'Admin' AND c.controller_name = 'Shop' AND c.action_name = 'Ajax_consent' LIMIT 1   [ RunTime:0.0000s ]
SQL: SELECT * FROM cms_role_user a LEFT JOIN cms_role_pri b ON a.role_id=b.role_id 
                          LEFT JOIN cms_privilege c ON b.pri_id=c.id   WHERE a.user_id = '6' AND c.module_name = 'admin' AND c.controller_name = 'shop' AND c.action_name = 'shoplist' LIMIT 1   [ RunTime:0.0010s ]
SQL: SHOW COLUMNS FROM `cms_journal` [ RunTime:0.0117s ]
NOTIC: [8] Undefined variable: operation D:\c\Application\Admin\Controller\BaseController.class.php 第 123 行.
SQL: INSERT INTO `cms_journal` (`user_id`,`operation`,`operation_url`,`operation_time`,`shop_id`,`operating_state`) VALUES ('6',NULL,'/index.php/Admin/Shop/Ajax_consent','1490058367',NULL,'浏览页面') [ RunTime:0.0039s ]
SQL: SHOW COLUMNS FROM `cms_clock` [ RunTime:0.0117s ]
SQL: SELECT * FROM `cms_clock` WHERE `user_id` = 6 AND `year` = 2017 AND `month` = 3 AND `day` = 21 LIMIT 1   [ RunTime:0.0010s ]
SQL: SHOW COLUMNS FROM `cms_clock` [ RunTime:0.0117s ]
SQL: SELECT * FROM `cms_clock` WHERE `user_id` = 6 AND `year` = 2017 AND `month` = 3 AND `day` = 21 LIMIT 1   [ RunTime:0.0010s ]
NOTIC: [8] Undefined variable: before_update_get_options_data D:\c\ThinkPHP\Library\Think\Model.class.php 第 481 行.
NOTIC: [8] Undefined variable: before_update_get_options_data D:\c\ThinkPHP\Library\Think\Model.class.php 第 483 行.
SQL: UPDATE `cms_clock` SET `e_time`='09:06:07' WHERE `user_id` = 6 AND `year` = 2017 AND `month` = 3 AND `day` = 21 [ RunTime:0.0020s ]
NOTIC: [2] mb_strpos(): Empty delimiter D:\c\Application\Admin\Common\function.php 第 464 行.
SQL: SHOW COLUMNS FROM `cms_shop` [ RunTime:0.0127s ]
SQL: SELECT * FROM `cms_shop` WHERE `id` = '6' LIMIT 1   [ RunTime:0.0010s ]
NOTIC: [8] Undefined variable: before_update_get_options_data D:\c\ThinkPHP\Library\Think\Model.class.php 第 481 行.
NOTIC: [8] Undefined variable: before_update_get_options_data D:\c\ThinkPHP\Library\Think\Model.class.php 第 483 行.
SQL: UPDATE `cms_shop` SET `authorization`=',9,',`authorization_time`=',2017-03-21 09:04:15,' WHERE `id` = '6' [ RunTime:0.0020s ]
NOTIC: [2] Missing argument 1 for Think\Model::_before_update_get_options_data(), called in D:\c\Application\Admin\Model\BaseModel.class.php on line 32 and defined D:\c\ThinkPHP\Library\Think\Model.class.php 第 475 行.
NOTIC: [2] Missing argument 2 for Think\Model::_before_update_get_options_data(), called in D:\c\Application\Admin\Model\BaseModel.class.php on line 32 and defined D:\c\ThinkPHP\Library\Think\Model.class.php 第 475 行.
NOTIC: [8] Undefined variable: options D:\c\ThinkPHP\Library\Think\Model.class.php 第 476 行.
NOTIC: [8] Undefined variable: before_update_get_options_data D:\c\ThinkPHP\Library\Think\Model.class.php 第 483 行.
INFO: [ app_end ] --START--
INFO: Run Behavior\ShowPageTraceBehavior [ RunTime:0.000977s ]
INFO: [ app_end ] --END-- [ RunTime:0.000977s ]

[ 2017-03-21T09:34:24+08:00 ] 127.0.0.1 /index.php/Admin/Shop/Ajax_consent
INFO: [ app_begin ] --START--
INFO: Run Behavior\ReadHtmlCacheBehavior [ RunTime:0.000976s ]
INFO: [ app_begin ] --END-- [ RunTime:0.000976s ]
SQL: SHOW COLUMNS FROM `cms_privilege` [ RunTime:0.0107s ]
SQL: SHOW COLUMNS FROM `cms_role_user` [ RunTime:0.0117s ]
SQL: SELECT * FROM cms_role_user a LEFT JOIN cms_role_pri b ON a.role_id=b.role_id 
                          LEFT JOIN cms_privilege c ON b.pri_id=c.id   WHERE a.user_id = '6' AND c.module_name = 'admin' AND c.controller_name = 'privilege' AND c.action_name = 'Authorization' LIMIT 1   [ RunTime:0.0000s ]
SQL: SHOW COLUMNS FROM `cms_user` [ RunTime:0.0127s ]
SQL: SELECT * FROM `cms_user` WHERE `accounts` = 'test' LIMIT 1   [ RunTime:0.0000s ]
SQL: SHOW COLUMNS FROM `cms_role_user` [ RunTime:0.0117s ]
SQL: SELECT COUNT(*) AS tp_count FROM cms_role_user a LEFT JOIN cms_role_pri b ON a.role_id=b.role_id 
                       LEFT JOIN cms_privilege c ON b.pri_id=c.id   WHERE a.user_id = '6' AND c.module_name = 'Admin' AND c.controller_name = 'Shop' AND c.action_name = 'Ajax_consent' LIMIT 1   [ RunTime:0.0000s ]
SQL: SELECT * FROM cms_role_user a LEFT JOIN cms_role_pri b ON a.role_id=b.role_id 
                          LEFT JOIN cms_privilege c ON b.pri_id=c.id   WHERE a.user_id = '6' AND c.module_name = 'admin' AND c.controller_name = 'shop' AND c.action_name = 'shoplist' LIMIT 1   [ RunTime:0.0000s ]
SQL: SHOW COLUMNS FROM `cms_journal` [ RunTime:0.0117s ]
NOTIC: [8] Undefined variable: operation D:\c\Application\Admin\Controller\BaseController.class.php 第 130 行.
SQL: INSERT INTO `cms_journal` (`user_id`,`operation`,`operation_url`,`operation_time`,`shop_id`,`operating_state`) VALUES ('6',NULL,'/index.php/Admin/Shop/Ajax_consent','1490060063',NULL,'浏览页面') [ RunTime:0.0039s ]
SQL: SHOW COLUMNS FROM `cms_clock` [ RunTime:0.0127s ]
SQL: SELECT * FROM `cms_clock` WHERE `user_id` = 6 AND `year` = 2017 AND `month` = 3 AND `day` = 21 LIMIT 1   [ RunTime:0.0000s ]
SQL: SHOW COLUMNS FROM `cms_clock` [ RunTime:0.0127s ]
SQL: SELECT * FROM `cms_clock` WHERE `user_id` = 6 AND `year` = 2017 AND `month` = 3 AND `day` = 21 LIMIT 1   [ RunTime:0.0000s ]
NOTIC: [8] Undefined variable: before_update_get_options_data D:\c\ThinkPHP\Library\Think\Model.class.php 第 481 行.
NOTIC: [8] Undefined variable: before_update_get_options_data D:\c\ThinkPHP\Library\Think\Model.class.php 第 483 行.
SQL: UPDATE `cms_clock` SET `e_time`='09:34:23' WHERE `user_id` = 6 AND `year` = 2017 AND `month` = 3 AND `day` = 21 [ RunTime:0.0029s ]
NOTIC: [2] mb_strpos(): Empty delimiter D:\c\Application\Admin\Common\function.php 第 464 行.
SQL: SHOW COLUMNS FROM `cms_shop` [ RunTime:0.0117s ]
SQL: SELECT * FROM `cms_shop` WHERE `id` = '6' LIMIT 1   [ RunTime:0.0000s ]
NOTIC: [8] Undefined variable: before_update_get_options_data D:\c\ThinkPHP\Library\Think\Model.class.php 第 481 行.
NOTIC: [8] Undefined variable: before_update_get_options_data D:\c\ThinkPHP\Library\Think\Model.class.php 第 483 行.
SQL: UPDATE `cms_shop` SET `authorization`=',9,',`authorization_time`=',2017-03-21 09:33:48,' WHERE `id` = '6' [ RunTime:0.0020s ]
NOTIC: [2] Missing argument 1 for Think\Model::_before_update_get_options_data(), called in D:\c\Application\Admin\Model\BaseModel.class.php on line 32 and defined D:\c\ThinkPHP\Library\Think\Model.class.php 第 475 行.
NOTIC: [2] Missing argument 2 for Think\Model::_before_update_get_options_data(), called in D:\c\Application\Admin\Model\BaseModel.class.php on line 32 and defined D:\c\ThinkPHP\Library\Think\Model.class.php 第 475 行.
NOTIC: [8] Undefined variable: options D:\c\ThinkPHP\Library\Think\Model.class.php 第 476 行.
NOTIC: [8] Undefined variable: before_update_get_options_data D:\c\ThinkPHP\Library\Think\Model.class.php 第 483 行.
INFO: [ app_end ] --START--
INFO: Run Behavior\ShowPageTraceBehavior [ RunTime:0.000976s ]
INFO: [ app_end ] --END-- [ RunTime:0.000976s ]

[ 2017-03-21T09:37:13+08:00 ] 127.0.0.1 /index.php/Admin/Shop/Ajax_consent
INFO: [ app_begin ] --START--
INFO: Run Behavior\ReadHtmlCacheBehavior [ RunTime:0.000000s ]
INFO: [ app_begin ] --END-- [ RunTime:0.000000s ]
SQL: SHOW COLUMNS FROM `cms_privilege` [ RunTime:0.0039s ]
SQL: SHOW COLUMNS FROM `cms_role_user` [ RunTime:0.0029s ]
SQL: SELECT * FROM cms_role_user a LEFT JOIN cms_role_pri b ON a.role_id=b.role_id 
                          LEFT JOIN cms_privilege c ON b.pri_id=c.id   WHERE a.user_id = '1' AND c.module_name = 'admin' AND c.controller_name = 'privilege' AND c.action_name = 'Authorization' LIMIT 1   [ RunTime:0.0010s ]
SQL: SHOW COLUMNS FROM `cms_user` [ RunTime:0.0039s ]
SQL: SELECT * FROM `cms_user` WHERE `accounts` = 'root' LIMIT 1   [ RunTime:0.0000s ]
SQL: SHOW COLUMNS FROM `cms_role_user` [ RunTime:0.0039s ]
SQL: SELECT * FROM cms_role_user a LEFT JOIN cms_role_pri b ON a.role_id=b.role_id 
                          LEFT JOIN cms_privilege c ON b.pri_id=c.id   WHERE a.user_id = '1' AND c.module_name = 'admin' AND c.controller_name = 'shop' AND c.action_name = 'shoplist' LIMIT 1   [ RunTime:0.0010s ]
SQL: SHOW COLUMNS FROM `cms_journal` [ RunTime:0.0029s ]
NOTIC: [8] Undefined variable: operation D:\c\Application\Admin\Controller\BaseController.class.php 第 130 行.
SQL: INSERT INTO `cms_journal` (`user_id`,`operation`,`operation_url`,`operation_time`,`shop_id`,`operating_state`) VALUES ('1',NULL,'/index.php/Admin/Shop/Ajax_consent','1490060233',NULL,'浏览页面') [ RunTime:0.0029s ]
SQL: SHOW COLUMNS FROM `cms_clock` [ RunTime:0.0029s ]
SQL: SELECT * FROM `cms_clock` WHERE `user_id` = 1 AND `year` = 2017 AND `month` = 3 AND `day` = 21 LIMIT 1   [ RunTime:0.0010s ]
SQL: SHOW COLUMNS FROM `cms_clock` [ RunTime:0.0039s ]
SQL: SELECT * FROM `cms_clock` WHERE `user_id` = 1 AND `year` = 2017 AND `month` = 3 AND `day` = 21 LIMIT 1   [ RunTime:0.0000s ]
NOTIC: [8] Undefined variable: before_update_get_options_data D:\c\ThinkPHP\Library\Think\Model.class.php 第 481 行.
NOTIC: [8] Undefined variable: before_update_get_options_data D:\c\ThinkPHP\Library\Think\Model.class.php 第 483 行.
SQL: UPDATE `cms_clock` SET `e_time`='09:37:13' WHERE `user_id` = 1 AND `year` = 2017 AND `month` = 3 AND `day` = 21 [ RunTime:0.0020s ]
NOTIC: [2] mb_strpos(): Empty delimiter D:\c\Application\Admin\Common\function.php 第 464 行.
SQL: SHOW COLUMNS FROM `cms_shop` [ RunTime:0.0039s ]
SQL: SELECT * FROM `cms_shop` WHERE `id` = '9' LIMIT 1   [ RunTime:0.0010s ]
NOTIC: [8] Undefined variable: before_update_get_options_data D:\c\ThinkPHP\Library\Think\Model.class.php 第 481 行.
NOTIC: [8] Undefined variable: before_update_get_options_data D:\c\ThinkPHP\Library\Think\Model.class.php 第 483 行.
SQL: UPDATE `cms_shop` SET `authorization`=',6,',`authorization_time`=',2017-03-21 09:35:12,' WHERE `id` = '9' [ RunTime:0.0010s ]
NOTIC: [2] Missing argument 1 for Think\Model::_before_update_get_options_data(), called in D:\c\Application\Admin\Model\BaseModel.class.php on line 32 and defined D:\c\ThinkPHP\Library\Think\Model.class.php 第 475 行.
NOTIC: [2] Missing argument 2 for Think\Model::_before_update_get_options_data(), called in D:\c\Application\Admin\Model\BaseModel.class.php on line 32 and defined D:\c\ThinkPHP\Library\Think\Model.class.php 第 475 行.
NOTIC: [8] Undefined variable: options D:\c\ThinkPHP\Library\Think\Model.class.php 第 476 行.
NOTIC: [8] Undefined variable: before_update_get_options_data D:\c\ThinkPHP\Library\Think\Model.class.php 第 483 行.
INFO: [ app_end ] --START--
INFO: Run Behavior\ShowPageTraceBehavior [ RunTime:0.000977s ]
INFO: [ app_end ] --END-- [ RunTime:0.000977s ]

[ 2017-03-21T11:03:54+08:00 ] 127.0.0.1 /index.php/Admin/Shop/Unaut/Unaut_id/5
ERR: 非法操作:Unaut

[ 2017-03-21T14:31:15+08:00 ] 127.0.0.1 /index.php/Admin/skin/default/default.css
ERR: 无法加载控制器:Skin

[ 2017-03-21T14:31:15+08:00 ] 127.0.0.1 /index.php/Admin/js/jquery-1.11.1.js
ERR: 无法加载控制器:Js

[ 2017-03-21T14:31:15+08:00 ] 127.0.0.1 /index.php/Admin/js/dialog-plus-min.js
ERR: 无法加载控制器:Js

[ 2017-03-21T14:31:15+08:00 ] 127.0.0.1 /index.php/Admin/js/main.js
ERR: 无法加载控制器:Js

[ 2017-03-21T14:31:28+08:00 ] 127.0.0.1 /index.php/Admin/skin/default/default.css
ERR: 无法加载控制器:Skin

[ 2017-03-21T14:31:28+08:00 ] 127.0.0.1 /index.php/Admin/js/dialog-plus-min.js
ERR: 无法加载控制器:Js

[ 2017-03-21T14:31:28+08:00 ] 127.0.0.1 /index.php/Admin/js/main.js
ERR: 无法加载控制器:Js

[ 2017-03-21T14:31:28+08:00 ] 127.0.0.1 /index.php/Admin/js/jquery-1.11.1.js
ERR: 无法加载控制器:Js

[ 2017-03-21T14:31:28+08:00 ] 127.0.0.1 /index.php/Admin/js/dialog-plus-min.js
ERR: 无法加载控制器:Js

[ 2017-03-21T14:31:28+08:00 ] 127.0.0.1 /index.php/Admin/js/main.js
ERR: 无法加载控制器:Js

[ 2017-03-21T16:03:30+08:00 ] 127.0.0.1 /index.php/Admin/trade/AjaxOrdersStatus
INFO: [ app_begin ] --START--
INFO: Run Behavior\ReadHtmlCacheBehavior [ RunTime:0.000000s ]
INFO: [ app_begin ] --END-- [ RunTime:0.000000s ]
SQL: SHOW COLUMNS FROM `cms_privilege` [ RunTime:0.0127s ]
SQL: SHOW COLUMNS FROM `cms_role_user` [ RunTime:0.0127s ]
SQL: SELECT * FROM cms_role_user a LEFT JOIN cms_role_pri b ON a.role_id=b.role_id 
                          LEFT JOIN cms_privilege c ON b.pri_id=c.id   WHERE a.user_id = '1' AND c.module_name = 'admin' AND c.controller_name = 'privilege' AND c.action_name = 'Authorization' LIMIT 1   [ RunTime:0.0010s ]
SQL: SHOW COLUMNS FROM `cms_user` [ RunTime:0.0127s ]
SQL: SELECT * FROM `cms_user` WHERE `accounts` = 'root' LIMIT 1   [ RunTime:0.0000s ]
SQL: SHOW COLUMNS FROM `cms_role_user` [ RunTime:0.0117s ]
SQL: SELECT * FROM cms_role_user a LEFT JOIN cms_role_pri b ON a.role_id=b.role_id 
                          LEFT JOIN cms_privilege c ON b.pri_id=c.id   WHERE a.user_id = '1' AND c.module_name = 'admin' AND c.controller_name = 'shop' AND c.action_name = 'shoplist' LIMIT 1   [ RunTime:0.0010s ]
NOTIC: [2] unlink(./Application/Runtime/Temp/6cc2d5b13f4b8c0c7959a85ecc71674f.php): No such file or directory D:\c\ThinkPHP\Library\Think\Cache\Driver\File.class.php 第 157 行.
NOTIC: [2] Invalid argument supplied for foreach() D:\c\Application\Admin\Controller\BaseController.class.php 第 113 行.
SQL: SHOW COLUMNS FROM `cms_journal` [ RunTime:0.0117s ]
NOTIC: [8] Undefined variable: operation D:\c\Application\Admin\Controller\BaseController.class.php 第 132 行.
SQL: INSERT INTO `cms_journal` (`user_id`,`operation`,`operation_url`,`operation_time`,`shop_id`,`operating_state`) VALUES ('1',NULL,'/index.php/Admin/trade/AjaxOrdersStatus','1490083410',NULL,'浏览页面') [ RunTime:0.0029s ]
SQL: SHOW COLUMNS FROM `cms_clock` [ RunTime:0.0127s ]
SQL: SELECT * FROM `cms_clock` WHERE `user_id` = 1 AND `year` = 2017 AND `month` = 3 AND `day` = 21 LIMIT 1   [ RunTime:0.0010s ]
SQL: SHOW COLUMNS FROM `cms_clock` [ RunTime:0.0127s ]
SQL: SELECT * FROM `cms_clock` WHERE `user_id` = 1 AND `year` = 2017 AND `month` = 3 AND `day` = 21 LIMIT 1   [ RunTime:0.0010s ]
NOTIC: [8] Undefined variable: before_update_get_options_data D:\c\ThinkPHP\Library\Think\Model.class.php 第 481 行.
NOTIC: [8] Undefined variable: before_update_get_options_data D:\c\ThinkPHP\Library\Think\Model.class.php 第 483 行.
SQL: UPDATE `cms_clock` SET `e_time`='16:03:30' WHERE `user_id` = 1 AND `year` = 2017 AND `month` = 3 AND `day` = 21 [ RunTime:0.0020s ]
SQL: SHOW COLUMNS FROM `cms_orders` [ RunTime:0.0137s ]
SQL: SELECT * FROM `cms_orders` WHERE ( tid_s = 3242640888910481 ) LIMIT 1   [ RunTime:0.0010s ]
NOTIC: [8] Undefined variable: before_update_get_options_data D:\c\ThinkPHP\Library\Think\Model.class.php 第 481 行.
NOTIC: [8] Undefined variable: before_update_get_options_data D:\c\ThinkPHP\Library\Think\Model.class.php 第 483 行.
SQL: UPDATE `cms_orders` SET `invoice_status_num`=invoice_status_num+1 WHERE ( tid_s = 3242640888910481 ) [ RunTime:0.0039s ]
SQL: SELECT * FROM `cms_orders` WHERE `tid_s` = '3242640888910481' LIMIT 1   [ RunTime:0.0000s ]
NOTIC: [8] Undefined variable: before_update_get_options_data D:\c\ThinkPHP\Library\Think\Model.class.php 第 481 行.
NOTIC: [8] Undefined variable: before_update_get_options_data D:\c\ThinkPHP\Library\Think\Model.class.php 第 483 行.
SQL: UPDATE `cms_orders` SET `invoice_status`='1',`invoice_status_time`='2017-03-21 16:03:30' WHERE `tid_s` = '3242640888910481' [ RunTime:0.0029s ]
INFO: [ app_end ] --START--
INFO: Run Behavior\ShowPageTraceBehavior [ RunTime:0.000977s ]
INFO: [ app_end ] --END-- [ RunTime:0.000977s ]

[ 2017-03-21T16:06:55+08:00 ] 127.0.0.1 /index.php/Admin/knowledge/index.asp
ERR: 无法加载控制器:Knowledge

[ 2017-03-21T16:06:59+08:00 ] 127.0.0.1 /index.php/Admin/weightstation/index.asp
ERR: 无法加载控制器:Weightstation

[ 2017-03-21T16:07:03+08:00 ] 127.0.0.1 /index.php/Admin/user/index.asp
ERR: 无法加载控制器:User

[ 2017-03-21T16:49:24+08:00 ] 127.0.0.1 /index.php/Admin/skin/default/default.css
ERR: 无法加载控制器:Skin

[ 2017-03-21T16:49:24+08:00 ] 127.0.0.1 /index.php/Admin/js/dialog-plus-min.js
ERR: 无法加载控制器:Js

[ 2017-03-21T16:49:24+08:00 ] 127.0.0.1 /index.php/Admin/js/main.js
ERR: 无法加载控制器:Js

[ 2017-03-21T16:49:24+08:00 ] 127.0.0.1 /index.php/Admin/js/jquery-1.11.1.js
ERR: 无法加载控制器:Js

[ 2017-03-21T16:49:24+08:00 ] 127.0.0.1 /index.php/Admin/js/dialog-plus-min.js
ERR: 无法加载控制器:Js

[ 2017-03-21T16:49:24+08:00 ] 127.0.0.1 /index.php/Admin/js/main.js
ERR: 无法加载控制器:Js

[ 2017-03-21T16:50:57+08:00 ] 127.0.0.1 /
ERR: _STORAGE_WRITE_ERROR_:./Application/Runtime/Cache/Admin/0dfec61edd66f450033aa87c28a760f4.php

[ 2017-03-21T16:57:38+08:00 ] 127.0.0.1 /
ERR: _STORAGE_WRITE_ERROR_:./Application/Runtime/Cache/Admin/0dfec61edd66f450033aa87c28a760f4.php

[ 2017-03-21T16:58:07+08:00 ] 127.0.0.1 /
ERR: _STORAGE_WRITE_ERROR_:./Application/Runtime/Cache/Admin/0dfec61edd66f450033aa87c28a760f4.php

[ 2017-03-21T17:12:08+08:00 ] 127.0.0.1 /
ERR: _STORAGE_WRITE_ERROR_:./Application/Runtime/Cache/Admin/0dfec61edd66f450033aa87c28a760f4.php

[ 2017-03-21T17:12:28+08:00 ] 127.0.0.1 /
ERR: _STORAGE_WRITE_ERROR_:./Application/Runtime/Cache/Admin/0dfec61edd66f450033aa87c28a760f4.php

[ 2017-03-21T17:14:03+08:00 ] 127.0.0.1 /
ERR: _STORAGE_WRITE_ERROR_:./Application/Runtime/Cache/Admin/0dfec61edd66f450033aa87c28a760f4.php

[ 2017-03-21T17:15:52+08:00 ] 127.0.0.1 /
ERR: _STORAGE_WRITE_ERROR_:./Application/Runtime/Cache/Admin/0dfec61edd66f450033aa87c28a760f4.php

[ 2017-03-21T17:17:40+08:00 ] 127.0.0.1 /
ERR: _STORAGE_WRITE_ERROR_:./Application/Runtime/Cache/Admin/0dfec61edd66f450033aa87c28a760f4.php

[ 2017-03-21T17:19:14+08:00 ] 127.0.0.1 /
ERR: _STORAGE_WRITE_ERROR_:./Application/Runtime/Cache/Admin/0dfec61edd66f450033aa87c28a760f4.php

[ 2017-03-21T17:20:05+08:00 ] 127.0.0.1 /
ERR: _STORAGE_WRITE_ERROR_:./Application/Runtime/Cache/Admin/0dfec61edd66f450033aa87c28a760f4.php

[ 2017-03-21T17:28:22+08:00 ] 127.0.0.1 /
ERR: _STORAGE_WRITE_ERROR_:./Application/Runtime/Cache/Admin/0dfec61edd66f450033aa87c28a760f4.php

[ 2017-03-21T17:31:03+08:00 ] 127.0.0.1 /
ERR: _STORAGE_WRITE_ERROR_:./Application/Runtime/Cache/Admin/0dfec61edd66f450033aa87c28a760f4.php

[ 2017-03-21T17:31:07+08:00 ] 127.0.0.1 /
ERR: _STORAGE_WRITE_ERROR_:./Application/Runtime/Cache/Admin/0dfec61edd66f450033aa87c28a760f4.php

[ 2017-03-21T17:32:26+08:00 ] 127.0.0.1 /
ERR: _STORAGE_WRITE_ERROR_:./Application/Runtime/Cache/Admin/0dfec61edd66f450033aa87c28a760f4.php

[ 2017-03-21T17:32:50+08:00 ] 127.0.0.1 /index.php/Admin/skin/default/default.css
ERR: 无法加载控制器:Skin

[ 2017-03-21T17:32:50+08:00 ] 127.0.0.1 /index.php/Admin/js/dialog-plus-min.js
ERR: 无法加载控制器:Js

[ 2017-03-21T17:32:50+08:00 ] 127.0.0.1 /index.php/Admin/js/main.js
ERR: 无法加载控制器:Js

[ 2017-03-21T17:32:50+08:00 ] 127.0.0.1 /index.php/Admin/js/jquery-1.11.1.js
ERR: 无法加载控制器:Js

[ 2017-03-21T17:32:50+08:00 ] 127.0.0.1 /index.php/Admin/js/dialog-plus-min.js
ERR: 无法加载控制器:Js

[ 2017-03-21T17:32:50+08:00 ] 127.0.0.1 /index.php/Admin/js/main.js
ERR: 无法加载控制器:Js

