[ 2017-02-24T08:52:48+08:00 ] 127.0.0.1 /index.php/Admin/Trade/tradeLIST/button/%E6%90%9C%E7%B4%A2?p=4
WARN: 测试日志信息，这是警告级别

[ 2017-02-24T08:56:03+08:00 ] 127.0.0.1 /index.php/Admin/trade/ShoworderInfo/tids/2914583031695715
INFO: [ app_begin ] --START--
INFO: Run Behavior\ReadHtmlCacheBehavior [ RunTime:0.000976s ]
INFO: [ app_begin ] --END-- [ RunTime:0.000976s ]
SQL: SHOW COLUMNS FROM `cms_user` [ RunTime:0.0088s ]
SQL: SELECT * FROM `cms_user` WHERE `accounts` = 'root' LIMIT 1   [ RunTime:0.0010s ]
SQL: SHOW COLUMNS FROM `cms_role_user` [ RunTime:0.0107s ]
SQL: SELECT c.* FROM cms_role_user a LEFT JOIN cms_role_pri b ON a.role_id=b.role_id 
                        LEFT JOIN cms_privilege c ON b.pri_id=c.id
                      WHERE `user_id` = '1'  [ RunTime:0.0010s ]
WARN: 测试日志信息，这是警告级别
SQL: SHOW COLUMNS FROM `cms_journal` [ RunTime:0.0137s ]
NOTIC: [8] Undefined variable: operation D:\c\Application\Admin\Controller\BaseController.class.php 第 107 行.
SQL: INSERT INTO `cms_journal` (`user_id`,`operation`,`operation_url`,`operation_time`,`shop_id`,`operating_state`) VALUES ('1',NULL,'/index.php/Admin/trade/ShoworderInfo/tids/2914583031695715','1487897763','2','浏览页面') [ RunTime:0.0020s ]
SQL: SHOW COLUMNS FROM `cms_clock` [ RunTime:0.0137s ]
SQL: SELECT * FROM `cms_clock` WHERE `user_id` = 1 AND `year` = 2017 AND `month` = 2 AND `day` = 24 LIMIT 1   [ RunTime:0.0010s ]
SQL: SHOW COLUMNS FROM `cms_orders` [ RunTime:0.0137s ]
SQL: SELECT `tid` FROM `cms_orders` WHERE `tid_s` = '2914583031695715'  [ RunTime:0.0010s ]
SQL: SHOW COLUMNS FROM `cms_orderinfo` [ RunTime:0.0146s ]
SQL: SELECT * FROM cms_orderinfo a WHERE `tid` IN ('2914583031695715')  [ RunTime:0.0010s ]

[ 2017-02-24T08:56:03+08:00 ] 127.0.0.1 /index.php/Admin/trade/ShoworderInfo/tids/2916047225137707
INFO: [ app_begin ] --START--
INFO: Run Behavior\ReadHtmlCacheBehavior [ RunTime:0.000977s ]
INFO: [ app_begin ] --END-- [ RunTime:0.000977s ]
SQL: SHOW COLUMNS FROM `cms_user` [ RunTime:0.0137s ]
SQL: SELECT * FROM `cms_user` WHERE `accounts` = 'root' LIMIT 1   [ RunTime:0.0010s ]
SQL: SHOW COLUMNS FROM `cms_role_user` [ RunTime:0.0127s ]
SQL: SELECT c.* FROM cms_role_user a LEFT JOIN cms_role_pri b ON a.role_id=b.role_id 
                        LEFT JOIN cms_privilege c ON b.pri_id=c.id
                      WHERE `user_id` = '1'  [ RunTime:0.0000s ]
WARN: 测试日志信息，这是警告级别
SQL: SHOW COLUMNS FROM `cms_journal` [ RunTime:0.0137s ]
NOTIC: [8] Undefined variable: operation D:\c\Application\Admin\Controller\BaseController.class.php 第 107 行.
SQL: INSERT INTO `cms_journal` (`user_id`,`operation`,`operation_url`,`operation_time`,`shop_id`,`operating_state`) VALUES ('1',NULL,'/index.php/Admin/trade/ShoworderInfo/tids/2916047225137707','1487897763','2','浏览页面') [ RunTime:0.0029s ]
SQL: SHOW COLUMNS FROM `cms_clock` [ RunTime:0.0137s ]
SQL: SELECT * FROM `cms_clock` WHERE `user_id` = 1 AND `year` = 2017 AND `month` = 2 AND `day` = 24 LIMIT 1   [ RunTime:0.0010s ]
SQL: SHOW COLUMNS FROM `cms_orders` [ RunTime:0.0137s ]
SQL: SELECT `tid` FROM `cms_orders` WHERE `tid_s` = '2916047225137707'  [ RunTime:0.0010s ]
SQL: SHOW COLUMNS FROM `cms_orderinfo` [ RunTime:0.0127s ]
SQL: SELECT * FROM cms_orderinfo a WHERE `tid` IN ('2916047225137707')  [ RunTime:0.0000s ]

[ 2017-02-24T08:56:03+08:00 ] 127.0.0.1 /index.php/Admin/trade/ShoworderInfo/tids/2914644237482907
INFO: [ app_begin ] --START--
INFO: Run Behavior\ReadHtmlCacheBehavior [ RunTime:0.000977s ]
INFO: [ app_begin ] --END-- [ RunTime:0.000977s ]
SQL: SHOW COLUMNS FROM `cms_user` [ RunTime:0.0137s ]
SQL: SELECT * FROM `cms_user` WHERE `accounts` = 'root' LIMIT 1   [ RunTime:0.0000s ]
SQL: SHOW COLUMNS FROM `cms_role_user` [ RunTime:0.0137s ]
SQL: SELECT c.* FROM cms_role_user a LEFT JOIN cms_role_pri b ON a.role_id=b.role_id 
                        LEFT JOIN cms_privilege c ON b.pri_id=c.id
                      WHERE `user_id` = '1'  [ RunTime:0.0010s ]
WARN: 测试日志信息，这是警告级别
SQL: SHOW COLUMNS FROM `cms_journal` [ RunTime:0.0127s ]
NOTIC: [8] Undefined variable: operation D:\c\Application\Admin\Controller\BaseController.class.php 第 107 行.
SQL: INSERT INTO `cms_journal` (`user_id`,`operation`,`operation_url`,`operation_time`,`shop_id`,`operating_state`) VALUES ('1',NULL,'/index.php/Admin/trade/ShoworderInfo/tids/2914644237482907','1487897763','2','浏览页面') [ RunTime:0.0029s ]
SQL: SHOW COLUMNS FROM `cms_clock` [ RunTime:0.0137s ]
SQL: SELECT * FROM `cms_clock` WHERE `user_id` = 1 AND `year` = 2017 AND `month` = 2 AND `day` = 24 LIMIT 1   [ RunTime:0.0000s ]
SQL: SHOW COLUMNS FROM `cms_orders` [ RunTime:0.0127s ]
SQL: SELECT `tid` FROM `cms_orders` WHERE `tid_s` = '2914644237482907'  [ RunTime:0.0000s ]
SQL: SHOW COLUMNS FROM `cms_orderinfo` [ RunTime:0.0127s ]
SQL: SELECT * FROM cms_orderinfo a WHERE `tid` IN ('2914644237482907')  [ RunTime:0.0000s ]

[ 2017-02-24T08:56:03+08:00 ] 127.0.0.1 /index.php/Admin/trade/ShoworderInfo/tids/2414059797547143
INFO: [ app_begin ] --START--
INFO: Run Behavior\ReadHtmlCacheBehavior [ RunTime:0.000976s ]
INFO: [ app_begin ] --END-- [ RunTime:0.000976s ]
SQL: SHOW COLUMNS FROM `cms_user` [ RunTime:0.0127s ]
SQL: SELECT * FROM `cms_user` WHERE `accounts` = 'root' LIMIT 1   [ RunTime:0.0010s ]
SQL: SHOW COLUMNS FROM `cms_role_user` [ RunTime:0.0127s ]
SQL: SELECT c.* FROM cms_role_user a LEFT JOIN cms_role_pri b ON a.role_id=b.role_id 
                        LEFT JOIN cms_privilege c ON b.pri_id=c.id
                      WHERE `user_id` = '1'  [ RunTime:0.0000s ]
WARN: 测试日志信息，这是警告级别
SQL: SHOW COLUMNS FROM `cms_journal` [ RunTime:0.0127s ]
NOTIC: [8] Undefined variable: operation D:\c\Application\Admin\Controller\BaseController.class.php 第 107 行.
SQL: INSERT INTO `cms_journal` (`user_id`,`operation`,`operation_url`,`operation_time`,`shop_id`,`operating_state`) VALUES ('1',NULL,'/index.php/Admin/trade/ShoworderInfo/tids/2414059797547143','1487897763','2','浏览页面') [ RunTime:0.0029s ]
SQL: SHOW COLUMNS FROM `cms_clock` [ RunTime:0.0137s ]
SQL: SELECT * FROM `cms_clock` WHERE `user_id` = 1 AND `year` = 2017 AND `month` = 2 AND `day` = 24 LIMIT 1   [ RunTime:0.0010s ]
SQL: SHOW COLUMNS FROM `cms_orders` [ RunTime:0.0137s ]
SQL: SELECT `tid` FROM `cms_orders` WHERE `tid_s` = '2414059797547143'  [ RunTime:0.0010s ]
SQL: SHOW COLUMNS FROM `cms_orderinfo` [ RunTime:0.0127s ]
SQL: SELECT * FROM cms_orderinfo a WHERE `tid` IN ('2414059797547143')  [ RunTime:0.0000s ]

[ 2017-02-24T08:56:03+08:00 ] 127.0.0.1 /index.php/Admin/trade/ShoworderInfo/tids/2860485690966891
INFO: [ app_begin ] --START--
INFO: Run Behavior\ReadHtmlCacheBehavior [ RunTime:0.000977s ]
INFO: [ app_begin ] --END-- [ RunTime:0.000977s ]
SQL: SHOW COLUMNS FROM `cms_user` [ RunTime:0.0137s ]
SQL: SELECT * FROM `cms_user` WHERE `accounts` = 'root' LIMIT 1   [ RunTime:0.0000s ]
SQL: SHOW COLUMNS FROM `cms_role_user` [ RunTime:0.0137s ]
SQL: SELECT c.* FROM cms_role_user a LEFT JOIN cms_role_pri b ON a.role_id=b.role_id 
                        LEFT JOIN cms_privilege c ON b.pri_id=c.id
                      WHERE `user_id` = '1'  [ RunTime:0.0000s ]
WARN: 测试日志信息，这是警告级别
SQL: SHOW COLUMNS FROM `cms_journal` [ RunTime:0.0127s ]
NOTIC: [8] Undefined variable: operation D:\c\Application\Admin\Controller\BaseController.class.php 第 107 行.
SQL: INSERT INTO `cms_journal` (`user_id`,`operation`,`operation_url`,`operation_time`,`shop_id`,`operating_state`) VALUES ('1',NULL,'/index.php/Admin/trade/ShoworderInfo/tids/2860485690966891','1487897763','2','浏览页面') [ RunTime:0.0029s ]
SQL: SHOW COLUMNS FROM `cms_clock` [ RunTime:0.0127s ]
SQL: SELECT * FROM `cms_clock` WHERE `user_id` = 1 AND `year` = 2017 AND `month` = 2 AND `day` = 24 LIMIT 1   [ RunTime:0.0010s ]
SQL: SHOW COLUMNS FROM `cms_orders` [ RunTime:0.0137s ]
SQL: SELECT `tid` FROM `cms_orders` WHERE `tid_s` = '2860485690966891'  [ RunTime:0.0010s ]
SQL: SHOW COLUMNS FROM `cms_orderinfo` [ RunTime:0.0127s ]
SQL: SELECT * FROM cms_orderinfo a WHERE `tid` IN ('2860485690966891')  [ RunTime:0.0010s ]

[ 2017-02-24T08:56:03+08:00 ] 127.0.0.1 /index.php/Admin/trade/ShoworderInfo/tids/2861432108998665
INFO: [ app_begin ] --START--
INFO: Run Behavior\ReadHtmlCacheBehavior [ RunTime:0.000976s ]
INFO: [ app_begin ] --END-- [ RunTime:0.000976s ]
SQL: SHOW COLUMNS FROM `cms_user` [ RunTime:0.0137s ]
SQL: SELECT * FROM `cms_user` WHERE `accounts` = 'root' LIMIT 1   [ RunTime:0.0000s ]
SQL: SHOW COLUMNS FROM `cms_role_user` [ RunTime:0.0137s ]
SQL: SELECT c.* FROM cms_role_user a LEFT JOIN cms_role_pri b ON a.role_id=b.role_id 
                        LEFT JOIN cms_privilege c ON b.pri_id=c.id
                      WHERE `user_id` = '1'  [ RunTime:0.0000s ]
WARN: 测试日志信息，这是警告级别
SQL: SHOW COLUMNS FROM `cms_journal` [ RunTime:0.0137s ]
NOTIC: [8] Undefined variable: operation D:\c\Application\Admin\Controller\BaseController.class.php 第 107 行.
SQL: INSERT INTO `cms_journal` (`user_id`,`operation`,`operation_url`,`operation_time`,`shop_id`,`operating_state`) VALUES ('1',NULL,'/index.php/Admin/trade/ShoworderInfo/tids/2861432108998665','1487897763','2','浏览页面') [ RunTime:0.0029s ]
SQL: SHOW COLUMNS FROM `cms_clock` [ RunTime:0.0127s ]
SQL: SELECT * FROM `cms_clock` WHERE `user_id` = 1 AND `year` = 2017 AND `month` = 2 AND `day` = 24 LIMIT 1   [ RunTime:0.0000s ]
SQL: SHOW COLUMNS FROM `cms_orders` [ RunTime:0.0146s ]
SQL: SELECT `tid` FROM `cms_orders` WHERE `tid_s` = '2861432108998665'  [ RunTime:0.0000s ]
SQL: SHOW COLUMNS FROM `cms_orderinfo` [ RunTime:0.0127s ]
SQL: SELECT * FROM cms_orderinfo a WHERE `tid` IN ('2861432108998665')  [ RunTime:0.0000s ]

[ 2017-02-24T08:56:03+08:00 ] 127.0.0.1 /index.php/Admin/trade/ShoworderInfo/tids/2860504492576891
INFO: [ app_begin ] --START--
INFO: Run Behavior\ReadHtmlCacheBehavior [ RunTime:0.000977s ]
INFO: [ app_begin ] --END-- [ RunTime:0.000977s ]
SQL: SHOW COLUMNS FROM `cms_user` [ RunTime:0.0127s ]
SQL: SELECT * FROM `cms_user` WHERE `accounts` = 'root' LIMIT 1   [ RunTime:0.0010s ]
SQL: SHOW COLUMNS FROM `cms_role_user` [ RunTime:0.0137s ]
SQL: SELECT c.* FROM cms_role_user a LEFT JOIN cms_role_pri b ON a.role_id=b.role_id 
                        LEFT JOIN cms_privilege c ON b.pri_id=c.id
                      WHERE `user_id` = '1'  [ RunTime:0.0000s ]
WARN: 测试日志信息，这是警告级别
SQL: SHOW COLUMNS FROM `cms_journal` [ RunTime:0.0127s ]
NOTIC: [8] Undefined variable: operation D:\c\Application\Admin\Controller\BaseController.class.php 第 107 行.
SQL: INSERT INTO `cms_journal` (`user_id`,`operation`,`operation_url`,`operation_time`,`shop_id`,`operating_state`) VALUES ('1',NULL,'/index.php/Admin/trade/ShoworderInfo/tids/2860504492576891','1487897763','2','浏览页面') [ RunTime:0.0029s ]
SQL: SHOW COLUMNS FROM `cms_clock` [ RunTime:0.0137s ]
SQL: SELECT * FROM `cms_clock` WHERE `user_id` = 1 AND `year` = 2017 AND `month` = 2 AND `day` = 24 LIMIT 1   [ RunTime:0.0000s ]
SQL: SHOW COLUMNS FROM `cms_orders` [ RunTime:0.0137s ]
SQL: SELECT `tid` FROM `cms_orders` WHERE `tid_s` = '2860504492576891'  [ RunTime:0.0000s ]
SQL: SHOW COLUMNS FROM `cms_orderinfo` [ RunTime:0.0137s ]
SQL: SELECT * FROM cms_orderinfo a WHERE `tid` IN ('2860504492576891')  [ RunTime:0.0000s ]

[ 2017-02-24T08:56:04+08:00 ] 127.0.0.1 /index.php/Admin/trade/ShoworderInfo/tids/2861514308037793
INFO: [ app_begin ] --START--
INFO: Run Behavior\ReadHtmlCacheBehavior [ RunTime:0.000977s ]
INFO: [ app_begin ] --END-- [ RunTime:0.000977s ]
SQL: SHOW COLUMNS FROM `cms_user` [ RunTime:0.0127s ]
SQL: SELECT * FROM `cms_user` WHERE `accounts` = 'root' LIMIT 1   [ RunTime:0.0000s ]
SQL: SHOW COLUMNS FROM `cms_role_user` [ RunTime:0.0127s ]
SQL: SELECT c.* FROM cms_role_user a LEFT JOIN cms_role_pri b ON a.role_id=b.role_id 
                        LEFT JOIN cms_privilege c ON b.pri_id=c.id
                      WHERE `user_id` = '1'  [ RunTime:0.0000s ]
WARN: 测试日志信息，这是警告级别
SQL: SHOW COLUMNS FROM `cms_journal` [ RunTime:0.0137s ]
NOTIC: [8] Undefined variable: operation D:\c\Application\Admin\Controller\BaseController.class.php 第 107 行.
SQL: INSERT INTO `cms_journal` (`user_id`,`operation`,`operation_url`,`operation_time`,`shop_id`,`operating_state`) VALUES ('1',NULL,'/index.php/Admin/trade/ShoworderInfo/tids/2861514308037793','1487897764','2','浏览页面') [ RunTime:0.0039s ]
SQL: SHOW COLUMNS FROM `cms_clock` [ RunTime:0.0137s ]
SQL: SELECT * FROM `cms_clock` WHERE `user_id` = 1 AND `year` = 2017 AND `month` = 2 AND `day` = 24 LIMIT 1   [ RunTime:0.0010s ]
SQL: SHOW COLUMNS FROM `cms_orders` [ RunTime:0.0137s ]
SQL: SELECT `tid` FROM `cms_orders` WHERE `tid_s` = '2861514308037793'  [ RunTime:0.0010s ]
SQL: SHOW COLUMNS FROM `cms_orderinfo` [ RunTime:0.0127s ]
SQL: SELECT * FROM cms_orderinfo a WHERE `tid` IN ('2861514308037793')  [ RunTime:0.0000s ]

[ 2017-02-24T08:56:04+08:00 ] 127.0.0.1 /index.php/Admin/trade/ShoworderInfo/tids/2916107828667415
INFO: [ app_begin ] --START--
INFO: Run Behavior\ReadHtmlCacheBehavior [ RunTime:0.000977s ]
INFO: [ app_begin ] --END-- [ RunTime:0.000977s ]
SQL: SHOW COLUMNS FROM `cms_user` [ RunTime:0.0137s ]
SQL: SELECT * FROM `cms_user` WHERE `accounts` = 'root' LIMIT 1   [ RunTime:0.0000s ]
SQL: SHOW COLUMNS FROM `cms_role_user` [ RunTime:0.0127s ]
SQL: SELECT c.* FROM cms_role_user a LEFT JOIN cms_role_pri b ON a.role_id=b.role_id 
                        LEFT JOIN cms_privilege c ON b.pri_id=c.id
                      WHERE `user_id` = '1'  [ RunTime:0.0000s ]
WARN: 测试日志信息，这是警告级别
SQL: SHOW COLUMNS FROM `cms_journal` [ RunTime:0.0127s ]
NOTIC: [8] Undefined variable: operation D:\c\Application\Admin\Controller\BaseController.class.php 第 107 行.
SQL: INSERT INTO `cms_journal` (`user_id`,`operation`,`operation_url`,`operation_time`,`shop_id`,`operating_state`) VALUES ('1',NULL,'/index.php/Admin/trade/ShoworderInfo/tids/2916107828667415','1487897764','2','浏览页面') [ RunTime:0.0039s ]
SQL: SHOW COLUMNS FROM `cms_clock` [ RunTime:0.0127s ]
SQL: SELECT * FROM `cms_clock` WHERE `user_id` = 1 AND `year` = 2017 AND `month` = 2 AND `day` = 24 LIMIT 1   [ RunTime:0.0010s ]
SQL: SHOW COLUMNS FROM `cms_orders` [ RunTime:0.0137s ]
SQL: SELECT `tid` FROM `cms_orders` WHERE `tid_s` = '2916107828667415'  [ RunTime:0.0000s ]
SQL: SHOW COLUMNS FROM `cms_orderinfo` [ RunTime:0.0127s ]
SQL: SELECT * FROM cms_orderinfo a WHERE `tid` IN ('2916107828667415')  [ RunTime:0.0000s ]

[ 2017-02-24T08:56:04+08:00 ] 127.0.0.1 /index.php/Admin/trade/ShoworderInfo/tids/2415325179610634
INFO: [ app_begin ] --START--
INFO: Run Behavior\ReadHtmlCacheBehavior [ RunTime:0.000000s ]
INFO: [ app_begin ] --END-- [ RunTime:0.000000s ]
SQL: SHOW COLUMNS FROM `cms_user` [ RunTime:0.0127s ]
SQL: SELECT * FROM `cms_user` WHERE `accounts` = 'root' LIMIT 1   [ RunTime:0.0000s ]
SQL: SHOW COLUMNS FROM `cms_role_user` [ RunTime:0.0127s ]
SQL: SELECT c.* FROM cms_role_user a LEFT JOIN cms_role_pri b ON a.role_id=b.role_id 
                        LEFT JOIN cms_privilege c ON b.pri_id=c.id
                      WHERE `user_id` = '1'  [ RunTime:0.0000s ]
WARN: 测试日志信息，这是警告级别
SQL: SHOW COLUMNS FROM `cms_journal` [ RunTime:0.0156s ]
NOTIC: [8] Undefined variable: operation D:\c\Application\Admin\Controller\BaseController.class.php 第 107 行.
SQL: INSERT INTO `cms_journal` (`user_id`,`operation`,`operation_url`,`operation_time`,`shop_id`,`operating_state`) VALUES ('1',NULL,'/index.php/Admin/trade/ShoworderInfo/tids/2415325179610634','1487897764','2','浏览页面') [ RunTime:0.0029s ]
SQL: SHOW COLUMNS FROM `cms_clock` [ RunTime:0.0186s ]
SQL: SELECT * FROM `cms_clock` WHERE `user_id` = 1 AND `year` = 2017 AND `month` = 2 AND `day` = 24 LIMIT 1   [ RunTime:0.0000s ]
SQL: SHOW COLUMNS FROM `cms_orders` [ RunTime:0.0195s ]
SQL: SELECT `tid` FROM `cms_orders` WHERE `tid_s` = '2415325179610634'  [ RunTime:0.0010s ]
SQL: SHOW COLUMNS FROM `cms_orderinfo` [ RunTime:0.0186s ]
SQL: SELECT * FROM cms_orderinfo a WHERE `tid` IN ('2415325179610634')  [ RunTime:0.0000s ]

[ 2017-02-24T08:56:04+08:00 ] 127.0.0.1 /index.php/Admin/trade/ShoworderInfo/tids/2860555090485859
INFO: [ app_begin ] --START--
INFO: Run Behavior\ReadHtmlCacheBehavior [ RunTime:0.000976s ]
INFO: [ app_begin ] --END-- [ RunTime:0.000976s ]
SQL: SHOW COLUMNS FROM `cms_user` [ RunTime:0.0195s ]
SQL: SELECT * FROM `cms_user` WHERE `accounts` = 'root' LIMIT 1   [ RunTime:0.0000s ]
SQL: SHOW COLUMNS FROM `cms_role_user` [ RunTime:0.0176s ]
SQL: SELECT c.* FROM cms_role_user a LEFT JOIN cms_role_pri b ON a.role_id=b.role_id 
                        LEFT JOIN cms_privilege c ON b.pri_id=c.id
                      WHERE `user_id` = '1'  [ RunTime:0.0000s ]
WARN: 测试日志信息，这是警告级别
SQL: SHOW COLUMNS FROM `cms_journal` [ RunTime:0.0205s ]
NOTIC: [8] Undefined variable: operation D:\c\Application\Admin\Controller\BaseController.class.php 第 107 行.
SQL: INSERT INTO `cms_journal` (`user_id`,`operation`,`operation_url`,`operation_time`,`shop_id`,`operating_state`) VALUES ('1',NULL,'/index.php/Admin/trade/ShoworderInfo/tids/2860555090485859','1487897764','2','浏览页面') [ RunTime:0.0049s ]
SQL: SHOW COLUMNS FROM `cms_clock` [ RunTime:0.0195s ]
SQL: SELECT * FROM `cms_clock` WHERE `user_id` = 1 AND `year` = 2017 AND `month` = 2 AND `day` = 24 LIMIT 1   [ RunTime:0.0000s ]
SQL: SHOW COLUMNS FROM `cms_orders` [ RunTime:0.0205s ]
SQL: SELECT `tid` FROM `cms_orders` WHERE `tid_s` = '2860555090485859'  [ RunTime:0.0000s ]
SQL: SHOW COLUMNS FROM `cms_orderinfo` [ RunTime:0.0156s ]
SQL: SELECT * FROM cms_orderinfo a WHERE `tid` IN ('2860555090485859')  [ RunTime:0.0000s ]

[ 2017-02-24T08:56:04+08:00 ] 127.0.0.1 /index.php/Admin/trade/ShoworderInfo/tids/2858947288519951
INFO: [ app_begin ] --START--
INFO: Run Behavior\ReadHtmlCacheBehavior [ RunTime:0.000977s ]
INFO: [ app_begin ] --END-- [ RunTime:0.000977s ]
SQL: SHOW COLUMNS FROM `cms_user` [ RunTime:0.0137s ]
SQL: SELECT * FROM `cms_user` WHERE `accounts` = 'root' LIMIT 1   [ RunTime:0.0000s ]
SQL: SHOW COLUMNS FROM `cms_role_user` [ RunTime:0.0127s ]
SQL: SELECT c.* FROM cms_role_user a LEFT JOIN cms_role_pri b ON a.role_id=b.role_id 
                        LEFT JOIN cms_privilege c ON b.pri_id=c.id
                      WHERE `user_id` = '1'  [ RunTime:0.0010s ]
WARN: 测试日志信息，这是警告级别
SQL: SHOW COLUMNS FROM `cms_journal` [ RunTime:0.0127s ]
NOTIC: [8] Undefined variable: operation D:\c\Application\Admin\Controller\BaseController.class.php 第 107 行.
SQL: INSERT INTO `cms_journal` (`user_id`,`operation`,`operation_url`,`operation_time`,`shop_id`,`operating_state`) VALUES ('1',NULL,'/index.php/Admin/trade/ShoworderInfo/tids/2858947288519951','1487897764','2','浏览页面') [ RunTime:0.0039s ]
SQL: SHOW COLUMNS FROM `cms_clock` [ RunTime:0.0127s ]
SQL: SELECT * FROM `cms_clock` WHERE `user_id` = 1 AND `year` = 2017 AND `month` = 2 AND `day` = 24 LIMIT 1   [ RunTime:0.0000s ]
SQL: SHOW COLUMNS FROM `cms_orders` [ RunTime:0.0137s ]
SQL: SELECT `tid` FROM `cms_orders` WHERE `tid_s` = '2858947288519951'  [ RunTime:0.0000s ]
SQL: SHOW COLUMNS FROM `cms_orderinfo` [ RunTime:0.0127s ]
SQL: SELECT * FROM cms_orderinfo a WHERE `tid` IN ('2858947288519951')  [ RunTime:0.0000s ]

[ 2017-02-24T08:56:04+08:00 ] 127.0.0.1 /index.php/Admin/trade/ShoworderInfo/tids/2914127803442902
INFO: [ app_begin ] --START--
INFO: Run Behavior\ReadHtmlCacheBehavior [ RunTime:0.000000s ]
INFO: [ app_begin ] --END-- [ RunTime:0.000000s ]
SQL: SHOW COLUMNS FROM `cms_user` [ RunTime:0.0127s ]
SQL: SELECT * FROM `cms_user` WHERE `accounts` = 'root' LIMIT 1   [ RunTime:0.0000s ]
SQL: SHOW COLUMNS FROM `cms_role_user` [ RunTime:0.0127s ]
SQL: SELECT c.* FROM cms_role_user a LEFT JOIN cms_role_pri b ON a.role_id=b.role_id 
                        LEFT JOIN cms_privilege c ON b.pri_id=c.id
                      WHERE `user_id` = '1'  [ RunTime:0.0000s ]
WARN: 测试日志信息，这是警告级别
SQL: SHOW COLUMNS FROM `cms_journal` [ RunTime:0.0127s ]
NOTIC: [8] Undefined variable: operation D:\c\Application\Admin\Controller\BaseController.class.php 第 107 行.
SQL: INSERT INTO `cms_journal` (`user_id`,`operation`,`operation_url`,`operation_time`,`shop_id`,`operating_state`) VALUES ('1',NULL,'/index.php/Admin/trade/ShoworderInfo/tids/2914127803442902','1487897764','2','浏览页面') [ RunTime:0.0039s ]
SQL: SHOW COLUMNS FROM `cms_clock` [ RunTime:0.0127s ]
SQL: SELECT * FROM `cms_clock` WHERE `user_id` = 1 AND `year` = 2017 AND `month` = 2 AND `day` = 24 LIMIT 1   [ RunTime:0.0000s ]
SQL: SHOW COLUMNS FROM `cms_orders` [ RunTime:0.0137s ]
SQL: SELECT `tid` FROM `cms_orders` WHERE `tid_s` = '2914127803442902'  [ RunTime:0.0010s ]
SQL: SHOW COLUMNS FROM `cms_orderinfo` [ RunTime:0.0127s ]
SQL: SELECT * FROM cms_orderinfo a WHERE `tid` IN ('2914127803442902')  [ RunTime:0.0010s ]

[ 2017-02-24T08:56:04+08:00 ] 127.0.0.1 /index.php/Admin/trade/ShoworderInfo/tids/2414452364453739
INFO: [ app_begin ] --START--
INFO: Run Behavior\ReadHtmlCacheBehavior [ RunTime:0.000976s ]
INFO: [ app_begin ] --END-- [ RunTime:0.000976s ]
SQL: SHOW COLUMNS FROM `cms_user` [ RunTime:0.0127s ]
SQL: SELECT * FROM `cms_user` WHERE `accounts` = 'root' LIMIT 1   [ RunTime:0.0000s ]
SQL: SHOW COLUMNS FROM `cms_role_user` [ RunTime:0.0127s ]
SQL: SELECT c.* FROM cms_role_user a LEFT JOIN cms_role_pri b ON a.role_id=b.role_id 
                        LEFT JOIN cms_privilege c ON b.pri_id=c.id
                      WHERE `user_id` = '1'  [ RunTime:0.0000s ]
WARN: 测试日志信息，这是警告级别
SQL: SHOW COLUMNS FROM `cms_journal` [ RunTime:0.0127s ]
NOTIC: [8] Undefined variable: operation D:\c\Application\Admin\Controller\BaseController.class.php 第 107 行.
SQL: INSERT INTO `cms_journal` (`user_id`,`operation`,`operation_url`,`operation_time`,`shop_id`,`operating_state`) VALUES ('1',NULL,'/index.php/Admin/trade/ShoworderInfo/tids/2414452364453739','1487897764','2','浏览页面') [ RunTime:0.0039s ]
SQL: SHOW COLUMNS FROM `cms_clock` [ RunTime:0.0127s ]
SQL: SELECT * FROM `cms_clock` WHERE `user_id` = 1 AND `year` = 2017 AND `month` = 2 AND `day` = 24 LIMIT 1   [ RunTime:0.0000s ]
SQL: SHOW COLUMNS FROM `cms_orders` [ RunTime:0.0137s ]
SQL: SELECT `tid` FROM `cms_orders` WHERE `tid_s` = '2414452364453739'  [ RunTime:0.0000s ]
SQL: SHOW COLUMNS FROM `cms_orderinfo` [ RunTime:0.0137s ]
SQL: SELECT * FROM cms_orderinfo a WHERE `tid` IN ('2414452364453739')  [ RunTime:0.0000s ]

[ 2017-02-24T08:56:04+08:00 ] 127.0.0.1 /index.php/Admin/trade/ShoworderInfo/tids/2861687706074395
INFO: [ app_begin ] --START--
INFO: Run Behavior\ReadHtmlCacheBehavior [ RunTime:0.000977s ]
INFO: [ app_begin ] --END-- [ RunTime:0.000977s ]
SQL: SHOW COLUMNS FROM `cms_user` [ RunTime:0.0146s ]
SQL: SELECT * FROM `cms_user` WHERE `accounts` = 'root' LIMIT 1   [ RunTime:0.0000s ]
SQL: SHOW COLUMNS FROM `cms_role_user` [ RunTime:0.0127s ]
SQL: SELECT c.* FROM cms_role_user a LEFT JOIN cms_role_pri b ON a.role_id=b.role_id 
                        LEFT JOIN cms_privilege c ON b.pri_id=c.id
                      WHERE `user_id` = '1'  [ RunTime:0.0010s ]
WARN: 测试日志信息，这是警告级别
SQL: SHOW COLUMNS FROM `cms_journal` [ RunTime:0.0127s ]
NOTIC: [8] Undefined variable: operation D:\c\Application\Admin\Controller\BaseController.class.php 第 107 行.
SQL: INSERT INTO `cms_journal` (`user_id`,`operation`,`operation_url`,`operation_time`,`shop_id`,`operating_state`) VALUES ('1',NULL,'/index.php/Admin/trade/ShoworderInfo/tids/2861687706074395','1487897764','2','浏览页面') [ RunTime:0.0020s ]
SQL: SHOW COLUMNS FROM `cms_clock` [ RunTime:0.0146s ]
SQL: SELECT * FROM `cms_clock` WHERE `user_id` = 1 AND `year` = 2017 AND `month` = 2 AND `day` = 24 LIMIT 1   [ RunTime:0.0000s ]
SQL: SHOW COLUMNS FROM `cms_orders` [ RunTime:0.0137s ]
SQL: SELECT `tid` FROM `cms_orders` WHERE `tid_s` = '2861687706074395'  [ RunTime:0.0000s ]
SQL: SHOW COLUMNS FROM `cms_orderinfo` [ RunTime:0.0137s ]
SQL: SELECT * FROM cms_orderinfo a WHERE `tid` IN ('2861687706074395')  [ RunTime:0.0000s ]

[ 2017-02-24T08:56:04+08:00 ] 127.0.0.1 /index.php/Admin/trade/ShoworderInfo/tids/2859080486118573
INFO: [ app_begin ] --START--
INFO: Run Behavior\ReadHtmlCacheBehavior [ RunTime:0.000000s ]
INFO: [ app_begin ] --END-- [ RunTime:0.000000s ]
SQL: SHOW COLUMNS FROM `cms_user` [ RunTime:0.0137s ]
SQL: SELECT * FROM `cms_user` WHERE `accounts` = 'root' LIMIT 1   [ RunTime:0.0000s ]
SQL: SHOW COLUMNS FROM `cms_role_user` [ RunTime:0.0166s ]
SQL: SELECT c.* FROM cms_role_user a LEFT JOIN cms_role_pri b ON a.role_id=b.role_id 
                        LEFT JOIN cms_privilege c ON b.pri_id=c.id
                      WHERE `user_id` = '1'  [ RunTime:0.0010s ]
WARN: 测试日志信息，这是警告级别
SQL: SHOW COLUMNS FROM `cms_journal` [ RunTime:0.0166s ]
NOTIC: [8] Undefined variable: operation D:\c\Application\Admin\Controller\BaseController.class.php 第 107 行.
SQL: INSERT INTO `cms_journal` (`user_id`,`operation`,`operation_url`,`operation_time`,`shop_id`,`operating_state`) VALUES ('1',NULL,'/index.php/Admin/trade/ShoworderInfo/tids/2859080486118573','1487897764','2','浏览页面') [ RunTime:0.0020s ]
SQL: SHOW COLUMNS FROM `cms_clock` [ RunTime:0.0127s ]
SQL: SELECT * FROM `cms_clock` WHERE `user_id` = 1 AND `year` = 2017 AND `month` = 2 AND `day` = 24 LIMIT 1   [ RunTime:0.0010s ]
SQL: SHOW COLUMNS FROM `cms_orders` [ RunTime:0.0137s ]
SQL: SELECT `tid` FROM `cms_orders` WHERE `tid_s` = '2859080486118573'  [ RunTime:0.0000s ]
SQL: SHOW COLUMNS FROM `cms_orderinfo` [ RunTime:0.0127s ]
SQL: SELECT * FROM cms_orderinfo a WHERE `tid` IN ('2859080486118573')  [ RunTime:0.0010s ]

[ 2017-02-24T08:56:05+08:00 ] 127.0.0.1 /index.php/Admin/trade/ShoworderInfo/tids/2860714692814066
INFO: [ app_begin ] --START--
INFO: Run Behavior\ReadHtmlCacheBehavior [ RunTime:0.000977s ]
INFO: [ app_begin ] --END-- [ RunTime:0.000977s ]
SQL: SHOW COLUMNS FROM `cms_user` [ RunTime:0.0137s ]
SQL: SELECT * FROM `cms_user` WHERE `accounts` = 'root' LIMIT 1   [ RunTime:0.0010s ]
SQL: SHOW COLUMNS FROM `cms_role_user` [ RunTime:0.0127s ]
SQL: SELECT c.* FROM cms_role_user a LEFT JOIN cms_role_pri b ON a.role_id=b.role_id 
                        LEFT JOIN cms_privilege c ON b.pri_id=c.id
                      WHERE `user_id` = '1'  [ RunTime:0.0000s ]
WARN: 测试日志信息，这是警告级别
SQL: SHOW COLUMNS FROM `cms_journal` [ RunTime:0.0127s ]
NOTIC: [8] Undefined variable: operation D:\c\Application\Admin\Controller\BaseController.class.php 第 107 行.
SQL: INSERT INTO `cms_journal` (`user_id`,`operation`,`operation_url`,`operation_time`,`shop_id`,`operating_state`) VALUES ('1',NULL,'/index.php/Admin/trade/ShoworderInfo/tids/2860714692814066','1487897765','2','浏览页面') [ RunTime:0.0029s ]
SQL: SHOW COLUMNS FROM `cms_clock` [ RunTime:0.0127s ]
SQL: SELECT * FROM `cms_clock` WHERE `user_id` = 1 AND `year` = 2017 AND `month` = 2 AND `day` = 24 LIMIT 1   [ RunTime:0.0000s ]
SQL: SHOW COLUMNS FROM `cms_orders` [ RunTime:0.0137s ]
SQL: SELECT `tid` FROM `cms_orders` WHERE `tid_s` = '2860714692814066'  [ RunTime:0.0010s ]
SQL: SHOW COLUMNS FROM `cms_orderinfo` [ RunTime:0.0127s ]
SQL: SELECT * FROM cms_orderinfo a WHERE `tid` IN ('2860714692814066')  [ RunTime:0.0010s ]

[ 2017-02-24T08:56:05+08:00 ] 127.0.0.1 /index.php/Admin/trade/ShoworderInfo/tids/2414228196035544
INFO: [ app_begin ] --START--
INFO: Run Behavior\ReadHtmlCacheBehavior [ RunTime:0.000000s ]
INFO: [ app_begin ] --END-- [ RunTime:0.000000s ]
SQL: SHOW COLUMNS FROM `cms_user` [ RunTime:0.0166s ]
SQL: SELECT * FROM `cms_user` WHERE `accounts` = 'root' LIMIT 1   [ RunTime:0.0000s ]
SQL: SHOW COLUMNS FROM `cms_role_user` [ RunTime:0.0127s ]
SQL: SELECT c.* FROM cms_role_user a LEFT JOIN cms_role_pri b ON a.role_id=b.role_id 
                        LEFT JOIN cms_privilege c ON b.pri_id=c.id
                      WHERE `user_id` = '1'  [ RunTime:0.0000s ]
WARN: 测试日志信息，这是警告级别
SQL: SHOW COLUMNS FROM `cms_journal` [ RunTime:0.0137s ]
NOTIC: [8] Undefined variable: operation D:\c\Application\Admin\Controller\BaseController.class.php 第 107 行.
SQL: INSERT INTO `cms_journal` (`user_id`,`operation`,`operation_url`,`operation_time`,`shop_id`,`operating_state`) VALUES ('1',NULL,'/index.php/Admin/trade/ShoworderInfo/tids/2414228196035544','1487897765','2','浏览页面') [ RunTime:0.0039s ]
SQL: SHOW COLUMNS FROM `cms_clock` [ RunTime:0.0137s ]
SQL: SELECT * FROM `cms_clock` WHERE `user_id` = 1 AND `year` = 2017 AND `month` = 2 AND `day` = 24 LIMIT 1   [ RunTime:0.0000s ]
SQL: SHOW COLUMNS FROM `cms_orders` [ RunTime:0.0127s ]
SQL: SELECT `tid` FROM `cms_orders` WHERE `tid_s` = '2414228196035544'  [ RunTime:0.0000s ]
SQL: SHOW COLUMNS FROM `cms_orderinfo` [ RunTime:0.0137s ]
SQL: SELECT * FROM cms_orderinfo a WHERE `tid` IN ('2414228196035544')  [ RunTime:0.0000s ]

[ 2017-02-24T08:56:05+08:00 ] 127.0.0.1 /index.php/Admin/trade/ShoworderInfo/tids/2916236423979315
INFO: [ app_begin ] --START--
INFO: Run Behavior\ReadHtmlCacheBehavior [ RunTime:0.000000s ]
INFO: [ app_begin ] --END-- [ RunTime:0.000000s ]
SQL: SHOW COLUMNS FROM `cms_user` [ RunTime:0.0127s ]
SQL: SELECT * FROM `cms_user` WHERE `accounts` = 'root' LIMIT 1   [ RunTime:0.0000s ]
SQL: SHOW COLUMNS FROM `cms_role_user` [ RunTime:0.0137s ]
SQL: SELECT c.* FROM cms_role_user a LEFT JOIN cms_role_pri b ON a.role_id=b.role_id 
                        LEFT JOIN cms_privilege c ON b.pri_id=c.id
                      WHERE `user_id` = '1'  [ RunTime:0.0000s ]
WARN: 测试日志信息，这是警告级别
SQL: SHOW COLUMNS FROM `cms_journal` [ RunTime:0.0137s ]
NOTIC: [8] Undefined variable: operation D:\c\Application\Admin\Controller\BaseController.class.php 第 107 行.
SQL: INSERT INTO `cms_journal` (`user_id`,`operation`,`operation_url`,`operation_time`,`shop_id`,`operating_state`) VALUES ('1',NULL,'/index.php/Admin/trade/ShoworderInfo/tids/2916236423979315','1487897765','2','浏览页面') [ RunTime:0.0020s ]
SQL: SHOW COLUMNS FROM `cms_clock` [ RunTime:0.0127s ]
SQL: SELECT * FROM `cms_clock` WHERE `user_id` = 1 AND `year` = 2017 AND `month` = 2 AND `day` = 24 LIMIT 1   [ RunTime:0.0000s ]
SQL: SHOW COLUMNS FROM `cms_orders` [ RunTime:0.0137s ]
SQL: SELECT `tid` FROM `cms_orders` WHERE `tid_s` = '2916236423979315'  [ RunTime:0.0010s ]
SQL: SHOW COLUMNS FROM `cms_orderinfo` [ RunTime:0.0137s ]
SQL: SELECT * FROM cms_orderinfo a WHERE `tid` IN ('2916236423979315')  [ RunTime:0.0000s ]

[ 2017-02-24T08:56:05+08:00 ] 127.0.0.1 /index.php/Admin/trade/ShoworderInfo/tids/2860942715448285
INFO: [ app_begin ] --START--
INFO: Run Behavior\ReadHtmlCacheBehavior [ RunTime:0.000977s ]
INFO: [ app_begin ] --END-- [ RunTime:0.000977s ]
SQL: SHOW COLUMNS FROM `cms_user` [ RunTime:0.0137s ]
SQL: SELECT * FROM `cms_user` WHERE `accounts` = 'root' LIMIT 1   [ RunTime:0.0000s ]
SQL: SHOW COLUMNS FROM `cms_role_user` [ RunTime:0.0127s ]
SQL: SELECT c.* FROM cms_role_user a LEFT JOIN cms_role_pri b ON a.role_id=b.role_id 
                        LEFT JOIN cms_privilege c ON b.pri_id=c.id
                      WHERE `user_id` = '1'  [ RunTime:0.0000s ]
WARN: 测试日志信息，这是警告级别
SQL: SHOW COLUMNS FROM `cms_journal` [ RunTime:0.0127s ]
NOTIC: [8] Undefined variable: operation D:\c\Application\Admin\Controller\BaseController.class.php 第 107 行.
SQL: INSERT INTO `cms_journal` (`user_id`,`operation`,`operation_url`,`operation_time`,`shop_id`,`operating_state`) VALUES ('1',NULL,'/index.php/Admin/trade/ShoworderInfo/tids/2860942715448285','1487897765','2','浏览页面') [ RunTime:0.0029s ]
SQL: SHOW COLUMNS FROM `cms_clock` [ RunTime:0.0127s ]
SQL: SELECT * FROM `cms_clock` WHERE `user_id` = 1 AND `year` = 2017 AND `month` = 2 AND `day` = 24 LIMIT 1   [ RunTime:0.0000s ]
SQL: SHOW COLUMNS FROM `cms_orders` [ RunTime:0.0137s ]
SQL: SELECT `tid` FROM `cms_orders` WHERE `tid_s` = '2860942715448285'  [ RunTime:0.0010s ]
SQL: SHOW COLUMNS FROM `cms_orderinfo` [ RunTime:0.0127s ]
SQL: SELECT * FROM cms_orderinfo a WHERE `tid` IN ('2860942715448285')  [ RunTime:0.0010s ]

[ 2017-02-24T08:56:05+08:00 ] 127.0.0.1 /index.php/Admin/trade/ShoworderInfo/tids/2414502362464233
INFO: [ app_begin ] --START--
INFO: Run Behavior\ReadHtmlCacheBehavior [ RunTime:0.000000s ]
INFO: [ app_begin ] --END-- [ RunTime:0.000000s ]
SQL: SHOW COLUMNS FROM `cms_user` [ RunTime:0.0137s ]
SQL: SELECT * FROM `cms_user` WHERE `accounts` = 'root' LIMIT 1   [ RunTime:0.0000s ]
SQL: SHOW COLUMNS FROM `cms_role_user` [ RunTime:0.0127s ]
SQL: SELECT c.* FROM cms_role_user a LEFT JOIN cms_role_pri b ON a.role_id=b.role_id 
                        LEFT JOIN cms_privilege c ON b.pri_id=c.id
                      WHERE `user_id` = '1'  [ RunTime:0.0000s ]
WARN: 测试日志信息，这是警告级别
SQL: SHOW COLUMNS FROM `cms_journal` [ RunTime:0.0127s ]
NOTIC: [8] Undefined variable: operation D:\c\Application\Admin\Controller\BaseController.class.php 第 107 行.
SQL: INSERT INTO `cms_journal` (`user_id`,`operation`,`operation_url`,`operation_time`,`shop_id`,`operating_state`) VALUES ('1',NULL,'/index.php/Admin/trade/ShoworderInfo/tids/2414502362464233','1487897765','2','浏览页面') [ RunTime:0.0039s ]
SQL: SHOW COLUMNS FROM `cms_clock` [ RunTime:0.0127s ]
SQL: SELECT * FROM `cms_clock` WHERE `user_id` = 1 AND `year` = 2017 AND `month` = 2 AND `day` = 24 LIMIT 1   [ RunTime:0.0000s ]
SQL: SHOW COLUMNS FROM `cms_orders` [ RunTime:0.0146s ]
SQL: SELECT `tid` FROM `cms_orders` WHERE `tid_s` = '2414502362464233'  [ RunTime:0.0000s ]
SQL: SHOW COLUMNS FROM `cms_orderinfo` [ RunTime:0.0127s ]
SQL: SELECT * FROM cms_orderinfo a WHERE `tid` IN ('2414502362464233')  [ RunTime:0.0000s ]

[ 2017-02-24T08:56:05+08:00 ] 127.0.0.1 /index.php/Admin/trade/ShoworderInfo/tids/2860769094270754
INFO: [ app_begin ] --START--
INFO: Run Behavior\ReadHtmlCacheBehavior [ RunTime:0.000977s ]
INFO: [ app_begin ] --END-- [ RunTime:0.000977s ]
SQL: SHOW COLUMNS FROM `cms_user` [ RunTime:0.0127s ]
SQL: SELECT * FROM `cms_user` WHERE `accounts` = 'root' LIMIT 1   [ RunTime:0.0000s ]
SQL: SHOW COLUMNS FROM `cms_role_user` [ RunTime:0.0127s ]
SQL: SELECT c.* FROM cms_role_user a LEFT JOIN cms_role_pri b ON a.role_id=b.role_id 
                        LEFT JOIN cms_privilege c ON b.pri_id=c.id
                      WHERE `user_id` = '1'  [ RunTime:0.0010s ]
WARN: 测试日志信息，这是警告级别
SQL: SHOW COLUMNS FROM `cms_journal` [ RunTime:0.0137s ]
NOTIC: [8] Undefined variable: operation D:\c\Application\Admin\Controller\BaseController.class.php 第 107 行.
SQL: INSERT INTO `cms_journal` (`user_id`,`operation`,`operation_url`,`operation_time`,`shop_id`,`operating_state`) VALUES ('1',NULL,'/index.php/Admin/trade/ShoworderInfo/tids/2860769094270754','1487897765','2','浏览页面') [ RunTime:0.0039s ]
SQL: SHOW COLUMNS FROM `cms_clock` [ RunTime:0.0137s ]
SQL: SELECT * FROM `cms_clock` WHERE `user_id` = 1 AND `year` = 2017 AND `month` = 2 AND `day` = 24 LIMIT 1   [ RunTime:0.0000s ]
SQL: SHOW COLUMNS FROM `cms_orders` [ RunTime:0.0137s ]
SQL: SELECT `tid` FROM `cms_orders` WHERE `tid_s` = '2860769094270754'  [ RunTime:0.0000s ]
SQL: SHOW COLUMNS FROM `cms_orderinfo` [ RunTime:0.0127s ]
SQL: SELECT * FROM cms_orderinfo a WHERE `tid` IN ('2860769094270754')  [ RunTime:0.0000s ]

[ 2017-02-24T08:56:05+08:00 ] 127.0.0.1 /index.php/Admin/trade/ShoworderInfo/tids/2860795890166657
INFO: [ app_begin ] --START--
INFO: Run Behavior\ReadHtmlCacheBehavior [ RunTime:0.000000s ]
INFO: [ app_begin ] --END-- [ RunTime:0.000000s ]
SQL: SHOW COLUMNS FROM `cms_user` [ RunTime:0.0127s ]
SQL: SELECT * FROM `cms_user` WHERE `accounts` = 'root' LIMIT 1   [ RunTime:0.0000s ]
SQL: SHOW COLUMNS FROM `cms_role_user` [ RunTime:0.0137s ]
SQL: SELECT c.* FROM cms_role_user a LEFT JOIN cms_role_pri b ON a.role_id=b.role_id 
                        LEFT JOIN cms_privilege c ON b.pri_id=c.id
                      WHERE `user_id` = '1'  [ RunTime:0.0000s ]
WARN: 测试日志信息，这是警告级别
SQL: SHOW COLUMNS FROM `cms_journal` [ RunTime:0.0127s ]
NOTIC: [8] Undefined variable: operation D:\c\Application\Admin\Controller\BaseController.class.php 第 107 行.
SQL: INSERT INTO `cms_journal` (`user_id`,`operation`,`operation_url`,`operation_time`,`shop_id`,`operating_state`) VALUES ('1',NULL,'/index.php/Admin/trade/ShoworderInfo/tids/2860795890166657','1487897765','2','浏览页面') [ RunTime:0.0029s ]
SQL: SHOW COLUMNS FROM `cms_clock` [ RunTime:0.0127s ]
SQL: SELECT * FROM `cms_clock` WHERE `user_id` = 1 AND `year` = 2017 AND `month` = 2 AND `day` = 24 LIMIT 1   [ RunTime:0.0000s ]
SQL: SHOW COLUMNS FROM `cms_orders` [ RunTime:0.0137s ]
SQL: SELECT `tid` FROM `cms_orders` WHERE `tid_s` = '2860795890166657'  [ RunTime:0.0010s ]
SQL: SHOW COLUMNS FROM `cms_orderinfo` [ RunTime:0.0127s ]
SQL: SELECT * FROM cms_orderinfo a WHERE `tid` IN ('2860795890166657')  [ RunTime:0.0010s ]

[ 2017-02-24T08:56:05+08:00 ] 127.0.0.1 /index.php/Admin/trade/ShoworderInfo/tids/2415648588496447
INFO: [ app_begin ] --START--
INFO: Run Behavior\ReadHtmlCacheBehavior [ RunTime:0.000976s ]
INFO: [ app_begin ] --END-- [ RunTime:0.000976s ]
SQL: SHOW COLUMNS FROM `cms_user` [ RunTime:0.0127s ]
SQL: SELECT * FROM `cms_user` WHERE `accounts` = 'root' LIMIT 1   [ RunTime:0.0000s ]
SQL: SHOW COLUMNS FROM `cms_role_user` [ RunTime:0.0127s ]
SQL: SELECT c.* FROM cms_role_user a LEFT JOIN cms_role_pri b ON a.role_id=b.role_id 
                        LEFT JOIN cms_privilege c ON b.pri_id=c.id
                      WHERE `user_id` = '1'  [ RunTime:0.0000s ]
WARN: 测试日志信息，这是警告级别
SQL: SHOW COLUMNS FROM `cms_journal` [ RunTime:0.0127s ]
NOTIC: [8] Undefined variable: operation D:\c\Application\Admin\Controller\BaseController.class.php 第 107 行.
SQL: INSERT INTO `cms_journal` (`user_id`,`operation`,`operation_url`,`operation_time`,`shop_id`,`operating_state`) VALUES ('1',NULL,'/index.php/Admin/trade/ShoworderInfo/tids/2415648588496447','1487897765','2','浏览页面') [ RunTime:0.0029s ]
SQL: SHOW COLUMNS FROM `cms_clock` [ RunTime:0.0127s ]
SQL: SELECT * FROM `cms_clock` WHERE `user_id` = 1 AND `year` = 2017 AND `month` = 2 AND `day` = 24 LIMIT 1   [ RunTime:0.0000s ]
SQL: SHOW COLUMNS FROM `cms_orders` [ RunTime:0.0137s ]
SQL: SELECT `tid` FROM `cms_orders` WHERE `tid_s` = '2415648588496447'  [ RunTime:0.0000s ]
SQL: SHOW COLUMNS FROM `cms_orderinfo` [ RunTime:0.0127s ]
SQL: SELECT * FROM cms_orderinfo a WHERE `tid` IN ('2415648588496447')  [ RunTime:0.0000s ]

[ 2017-02-24T08:56:05+08:00 ] 127.0.0.1 /index.php/Admin/trade/ShoworderInfo/tids/2415492573326047
INFO: [ app_begin ] --START--
INFO: Run Behavior\ReadHtmlCacheBehavior [ RunTime:0.000977s ]
INFO: [ app_begin ] --END-- [ RunTime:0.000977s ]
SQL: SHOW COLUMNS FROM `cms_user` [ RunTime:0.0127s ]
SQL: SELECT * FROM `cms_user` WHERE `accounts` = 'root' LIMIT 1   [ RunTime:0.0000s ]
SQL: SHOW COLUMNS FROM `cms_role_user` [ RunTime:0.0127s ]
SQL: SELECT c.* FROM cms_role_user a LEFT JOIN cms_role_pri b ON a.role_id=b.role_id 
                        LEFT JOIN cms_privilege c ON b.pri_id=c.id
                      WHERE `user_id` = '1'  [ RunTime:0.0010s ]
WARN: 测试日志信息，这是警告级别
SQL: SHOW COLUMNS FROM `cms_journal` [ RunTime:0.0127s ]
NOTIC: [8] Undefined variable: operation D:\c\Application\Admin\Controller\BaseController.class.php 第 107 行.
SQL: INSERT INTO `cms_journal` (`user_id`,`operation`,`operation_url`,`operation_time`,`shop_id`,`operating_state`) VALUES ('1',NULL,'/index.php/Admin/trade/ShoworderInfo/tids/2415492573326047','1487897765','2','浏览页面') [ RunTime:0.0029s ]
SQL: SHOW COLUMNS FROM `cms_clock` [ RunTime:0.0127s ]
SQL: SELECT * FROM `cms_clock` WHERE `user_id` = 1 AND `year` = 2017 AND `month` = 2 AND `day` = 24 LIMIT 1   [ RunTime:0.0000s ]
SQL: SHOW COLUMNS FROM `cms_orders` [ RunTime:0.0137s ]
SQL: SELECT `tid` FROM `cms_orders` WHERE `tid_s` = '2415492573326047'  [ RunTime:0.0000s ]
SQL: SHOW COLUMNS FROM `cms_orderinfo` [ RunTime:0.0127s ]
SQL: SELECT * FROM cms_orderinfo a WHERE `tid` IN ('2415492573326047')  [ RunTime:0.0000s ]

[ 2017-02-24T08:56:06+08:00 ] 127.0.0.1 /index.php/Admin/trade/ShoworderInfo/tids/2414286193992135
INFO: [ app_begin ] --START--
INFO: Run Behavior\ReadHtmlCacheBehavior [ RunTime:0.000000s ]
INFO: [ app_begin ] --END-- [ RunTime:0.000977s ]
SQL: SHOW COLUMNS FROM `cms_user` [ RunTime:0.0137s ]
SQL: SELECT * FROM `cms_user` WHERE `accounts` = 'root' LIMIT 1   [ RunTime:0.0010s ]
SQL: SHOW COLUMNS FROM `cms_role_user` [ RunTime:0.0127s ]
SQL: SELECT c.* FROM cms_role_user a LEFT JOIN cms_role_pri b ON a.role_id=b.role_id 
                        LEFT JOIN cms_privilege c ON b.pri_id=c.id
                      WHERE `user_id` = '1'  [ RunTime:0.0000s ]
WARN: 测试日志信息，这是警告级别
SQL: SHOW COLUMNS FROM `cms_journal` [ RunTime:0.0137s ]
NOTIC: [8] Undefined variable: operation D:\c\Application\Admin\Controller\BaseController.class.php 第 107 行.
SQL: INSERT INTO `cms_journal` (`user_id`,`operation`,`operation_url`,`operation_time`,`shop_id`,`operating_state`) VALUES ('1',NULL,'/index.php/Admin/trade/ShoworderInfo/tids/2414286193992135','1487897766','2','浏览页面') [ RunTime:0.0039s ]
SQL: SHOW COLUMNS FROM `cms_clock` [ RunTime:0.0137s ]
SQL: SELECT * FROM `cms_clock` WHERE `user_id` = 1 AND `year` = 2017 AND `month` = 2 AND `day` = 24 LIMIT 1   [ RunTime:0.0000s ]
SQL: SHOW COLUMNS FROM `cms_orders` [ RunTime:0.0137s ]
SQL: SELECT `tid` FROM `cms_orders` WHERE `tid_s` = '2414286193992135'  [ RunTime:0.0000s ]
SQL: SHOW COLUMNS FROM `cms_orderinfo` [ RunTime:0.0127s ]
SQL: SELECT * FROM cms_orderinfo a WHERE `tid` IN ('2414286193992135')  [ RunTime:0.0000s ]

[ 2017-02-24T08:56:06+08:00 ] 127.0.0.1 /index.php/Admin/trade/ShoworderInfo/tids/2916299420515209
INFO: [ app_begin ] --START--
INFO: Run Behavior\ReadHtmlCacheBehavior [ RunTime:0.000977s ]
INFO: [ app_begin ] --END-- [ RunTime:0.000977s ]
SQL: SHOW COLUMNS FROM `cms_user` [ RunTime:0.0137s ]
SQL: SELECT * FROM `cms_user` WHERE `accounts` = 'root' LIMIT 1   [ RunTime:0.0010s ]
SQL: SHOW COLUMNS FROM `cms_role_user` [ RunTime:0.0127s ]
SQL: SELECT c.* FROM cms_role_user a LEFT JOIN cms_role_pri b ON a.role_id=b.role_id 
                        LEFT JOIN cms_privilege c ON b.pri_id=c.id
                      WHERE `user_id` = '1'  [ RunTime:0.0000s ]
WARN: 测试日志信息，这是警告级别
SQL: SHOW COLUMNS FROM `cms_journal` [ RunTime:0.0137s ]
NOTIC: [8] Undefined variable: operation D:\c\Application\Admin\Controller\BaseController.class.php 第 107 行.
SQL: INSERT INTO `cms_journal` (`user_id`,`operation`,`operation_url`,`operation_time`,`shop_id`,`operating_state`) VALUES ('1',NULL,'/index.php/Admin/trade/ShoworderInfo/tids/2916299420515209','1487897766','2','浏览页面') [ RunTime:0.0039s ]
SQL: SHOW COLUMNS FROM `cms_clock` [ RunTime:0.0137s ]
SQL: SELECT * FROM `cms_clock` WHERE `user_id` = 1 AND `year` = 2017 AND `month` = 2 AND `day` = 24 LIMIT 1   [ RunTime:0.0000s ]
SQL: SHOW COLUMNS FROM `cms_orders` [ RunTime:0.0137s ]
SQL: SELECT `tid` FROM `cms_orders` WHERE `tid_s` = '2916299420515209'  [ RunTime:0.0000s ]
SQL: SHOW COLUMNS FROM `cms_orderinfo` [ RunTime:0.0137s ]
SQL: SELECT * FROM cms_orderinfo a WHERE `tid` IN ('2916299420515209','2916271222685209','2914760617835209','2914748214685209')  [ RunTime:0.0000s ]

[ 2017-02-24T08:56:06+08:00 ] 127.0.0.1 /index.php/Admin/trade/ShoworderInfo/tids/2415533370599141
INFO: [ app_begin ] --START--
INFO: Run Behavior\ReadHtmlCacheBehavior [ RunTime:0.000977s ]
INFO: [ app_begin ] --END-- [ RunTime:0.000977s ]
SQL: SHOW COLUMNS FROM `cms_user` [ RunTime:0.0156s ]
SQL: SELECT * FROM `cms_user` WHERE `accounts` = 'root' LIMIT 1   [ RunTime:0.0000s ]
SQL: SHOW COLUMNS FROM `cms_role_user` [ RunTime:0.0137s ]
SQL: SELECT c.* FROM cms_role_user a LEFT JOIN cms_role_pri b ON a.role_id=b.role_id 
                        LEFT JOIN cms_privilege c ON b.pri_id=c.id
                      WHERE `user_id` = '1'  [ RunTime:0.0000s ]
WARN: 测试日志信息，这是警告级别
SQL: SHOW COLUMNS FROM `cms_journal` [ RunTime:0.0137s ]
NOTIC: [8] Undefined variable: operation D:\c\Application\Admin\Controller\BaseController.class.php 第 107 行.
SQL: INSERT INTO `cms_journal` (`user_id`,`operation`,`operation_url`,`operation_time`,`shop_id`,`operating_state`) VALUES ('1',NULL,'/index.php/Admin/trade/ShoworderInfo/tids/2415533370599141','1487897766','2','浏览页面') [ RunTime:0.0029s ]
SQL: SHOW COLUMNS FROM `cms_clock` [ RunTime:0.0127s ]
SQL: SELECT * FROM `cms_clock` WHERE `user_id` = 1 AND `year` = 2017 AND `month` = 2 AND `day` = 24 LIMIT 1   [ RunTime:0.0000s ]
SQL: SHOW COLUMNS FROM `cms_orders` [ RunTime:0.0137s ]
SQL: SELECT `tid` FROM `cms_orders` WHERE `tid_s` = '2415533370599141'  [ RunTime:0.0000s ]
SQL: SHOW COLUMNS FROM `cms_orderinfo` [ RunTime:0.0127s ]
SQL: SELECT * FROM cms_orderinfo a WHERE `tid` IN ('2415533370599141')  [ RunTime:0.0010s ]

[ 2017-02-24T08:56:06+08:00 ] 127.0.0.1 /index.php/Admin/trade/ShoworderInfo/tids/2414324392148839
INFO: [ app_begin ] --START--
INFO: Run Behavior\ReadHtmlCacheBehavior [ RunTime:0.000000s ]
INFO: [ app_begin ] --END-- [ RunTime:0.000000s ]
SQL: SHOW COLUMNS FROM `cms_user` [ RunTime:0.0127s ]
SQL: SELECT * FROM `cms_user` WHERE `accounts` = 'root' LIMIT 1   [ RunTime:0.0000s ]
SQL: SHOW COLUMNS FROM `cms_role_user` [ RunTime:0.0127s ]
SQL: SELECT c.* FROM cms_role_user a LEFT JOIN cms_role_pri b ON a.role_id=b.role_id 
                        LEFT JOIN cms_privilege c ON b.pri_id=c.id
                      WHERE `user_id` = '1'  [ RunTime:0.0010s ]
WARN: 测试日志信息，这是警告级别
SQL: SHOW COLUMNS FROM `cms_journal` [ RunTime:0.0127s ]
NOTIC: [8] Undefined variable: operation D:\c\Application\Admin\Controller\BaseController.class.php 第 107 行.
SQL: INSERT INTO `cms_journal` (`user_id`,`operation`,`operation_url`,`operation_time`,`shop_id`,`operating_state`) VALUES ('1',NULL,'/index.php/Admin/trade/ShoworderInfo/tids/2414324392148839','1487897766','2','浏览页面') [ RunTime:0.0029s ]
SQL: SHOW COLUMNS FROM `cms_clock` [ RunTime:0.0127s ]
SQL: SELECT * FROM `cms_clock` WHERE `user_id` = 1 AND `year` = 2017 AND `month` = 2 AND `day` = 24 LIMIT 1   [ RunTime:0.0000s ]
SQL: SHOW COLUMNS FROM `cms_orders` [ RunTime:0.0137s ]
SQL: SELECT `tid` FROM `cms_orders` WHERE `tid_s` = '2414324392148839'  [ RunTime:0.0010s ]
SQL: SHOW COLUMNS FROM `cms_orderinfo` [ RunTime:0.0137s ]
SQL: SELECT * FROM cms_orderinfo a WHERE `tid` IN ('2414324392148839')  [ RunTime:0.0000s ]

[ 2017-02-24T08:56:06+08:00 ] 127.0.0.1 /index.php/Admin/trade/ShoworderInfo/tids/2415540571338839
INFO: [ app_begin ] --START--
INFO: Run Behavior\ReadHtmlCacheBehavior [ RunTime:0.000976s ]
INFO: [ app_begin ] --END-- [ RunTime:0.000976s ]
SQL: SHOW COLUMNS FROM `cms_user` [ RunTime:0.0127s ]
SQL: SELECT * FROM `cms_user` WHERE `accounts` = 'root' LIMIT 1   [ RunTime:0.0000s ]
SQL: SHOW COLUMNS FROM `cms_role_user` [ RunTime:0.0127s ]
SQL: SELECT c.* FROM cms_role_user a LEFT JOIN cms_role_pri b ON a.role_id=b.role_id 
                        LEFT JOIN cms_privilege c ON b.pri_id=c.id
                      WHERE `user_id` = '1'  [ RunTime:0.0000s ]
WARN: 测试日志信息，这是警告级别
SQL: SHOW COLUMNS FROM `cms_journal` [ RunTime:0.0137s ]
NOTIC: [8] Undefined variable: operation D:\c\Application\Admin\Controller\BaseController.class.php 第 107 行.
SQL: INSERT INTO `cms_journal` (`user_id`,`operation`,`operation_url`,`operation_time`,`shop_id`,`operating_state`) VALUES ('1',NULL,'/index.php/Admin/trade/ShoworderInfo/tids/2415540571338839','1487897766','2','浏览页面') [ RunTime:0.0029s ]
SQL: SHOW COLUMNS FROM `cms_clock` [ RunTime:0.0137s ]
SQL: SELECT * FROM `cms_clock` WHERE `user_id` = 1 AND `year` = 2017 AND `month` = 2 AND `day` = 24 LIMIT 1   [ RunTime:0.0000s ]
SQL: SHOW COLUMNS FROM `cms_orders` [ RunTime:0.0137s ]
SQL: SELECT `tid` FROM `cms_orders` WHERE `tid_s` = '2415540571338839'  [ RunTime:0.0000s ]
SQL: SHOW COLUMNS FROM `cms_orderinfo` [ RunTime:0.0127s ]
SQL: SELECT * FROM cms_orderinfo a WHERE `tid` IN ('2415540571338839')  [ RunTime:0.0000s ]

[ 2017-02-24T08:56:06+08:00 ] 127.0.0.1 /index.php/Admin/trade/ShoworderInfo/tids/2414320999193325
INFO: [ app_begin ] --START--
INFO: Run Behavior\ReadHtmlCacheBehavior [ RunTime:0.000000s ]
INFO: [ app_begin ] --END-- [ RunTime:0.000000s ]
SQL: SHOW COLUMNS FROM `cms_user` [ RunTime:0.0137s ]
SQL: SELECT * FROM `cms_user` WHERE `accounts` = 'root' LIMIT 1   [ RunTime:0.0010s ]
SQL: SHOW COLUMNS FROM `cms_role_user` [ RunTime:0.0127s ]
SQL: SELECT c.* FROM cms_role_user a LEFT JOIN cms_role_pri b ON a.role_id=b.role_id 
                        LEFT JOIN cms_privilege c ON b.pri_id=c.id
                      WHERE `user_id` = '1'  [ RunTime:0.0010s ]
WARN: 测试日志信息，这是警告级别
SQL: SHOW COLUMNS FROM `cms_journal` [ RunTime:0.0127s ]
NOTIC: [8] Undefined variable: operation D:\c\Application\Admin\Controller\BaseController.class.php 第 107 行.
SQL: INSERT INTO `cms_journal` (`user_id`,`operation`,`operation_url`,`operation_time`,`shop_id`,`operating_state`) VALUES ('1',NULL,'/index.php/Admin/trade/ShoworderInfo/tids/2414320999193325','1487897766','2','浏览页面') [ RunTime:0.0029s ]
SQL: SHOW COLUMNS FROM `cms_clock` [ RunTime:0.0127s ]
SQL: SELECT * FROM `cms_clock` WHERE `user_id` = 1 AND `year` = 2017 AND `month` = 2 AND `day` = 24 LIMIT 1   [ RunTime:0.0000s ]
SQL: SHOW COLUMNS FROM `cms_orders` [ RunTime:0.0137s ]
SQL: SELECT `tid` FROM `cms_orders` WHERE `tid_s` = '2414320999193325'  [ RunTime:0.0000s ]
SQL: SHOW COLUMNS FROM `cms_orderinfo` [ RunTime:0.0127s ]
SQL: SELECT * FROM cms_orderinfo a WHERE `tid` IN ('2414320999193325')  [ RunTime:0.0000s ]

[ 2017-02-24T08:56:06+08:00 ] 127.0.0.1 /index.php/Admin/trade/ShoworderInfo/tids/2859309081005561
INFO: [ app_begin ] --START--
INFO: Run Behavior\ReadHtmlCacheBehavior [ RunTime:0.000977s ]
INFO: [ app_begin ] --END-- [ RunTime:0.000977s ]
SQL: SHOW COLUMNS FROM `cms_user` [ RunTime:0.0127s ]
SQL: SELECT * FROM `cms_user` WHERE `accounts` = 'root' LIMIT 1   [ RunTime:0.0000s ]
SQL: SHOW COLUMNS FROM `cms_role_user` [ RunTime:0.0127s ]
SQL: SELECT c.* FROM cms_role_user a LEFT JOIN cms_role_pri b ON a.role_id=b.role_id 
                        LEFT JOIN cms_privilege c ON b.pri_id=c.id
                      WHERE `user_id` = '1'  [ RunTime:0.0000s ]
WARN: 测试日志信息，这是警告级别
SQL: SHOW COLUMNS FROM `cms_journal` [ RunTime:0.0127s ]
NOTIC: [8] Undefined variable: operation D:\c\Application\Admin\Controller\BaseController.class.php 第 107 行.
SQL: INSERT INTO `cms_journal` (`user_id`,`operation`,`operation_url`,`operation_time`,`shop_id`,`operating_state`) VALUES ('1',NULL,'/index.php/Admin/trade/ShoworderInfo/tids/2859309081005561','1487897766','2','浏览页面') [ RunTime:0.0039s ]
SQL: SHOW COLUMNS FROM `cms_clock` [ RunTime:0.0137s ]
SQL: SELECT * FROM `cms_clock` WHERE `user_id` = 1 AND `year` = 2017 AND `month` = 2 AND `day` = 24 LIMIT 1   [ RunTime:0.0000s ]
SQL: SHOW COLUMNS FROM `cms_orders` [ RunTime:0.0137s ]
SQL: SELECT `tid` FROM `cms_orders` WHERE `tid_s` = '2859309081005561'  [ RunTime:0.0010s ]
SQL: SHOW COLUMNS FROM `cms_orderinfo` [ RunTime:0.0137s ]
SQL: SELECT * FROM cms_orderinfo a WHERE `tid` IN ('2859309081005561')  [ RunTime:0.0000s ]

[ 2017-02-24T08:56:06+08:00 ] 127.0.0.1 /index.php/Admin/trade/ShoworderInfo/tids/2415544176689525
INFO: [ app_begin ] --START--
INFO: Run Behavior\ReadHtmlCacheBehavior [ RunTime:0.000000s ]
INFO: [ app_begin ] --END-- [ RunTime:0.000000s ]
SQL: SHOW COLUMNS FROM `cms_user` [ RunTime:0.0137s ]
SQL: SELECT * FROM `cms_user` WHERE `accounts` = 'root' LIMIT 1   [ RunTime:0.0010s ]
SQL: SHOW COLUMNS FROM `cms_role_user` [ RunTime:0.0137s ]
SQL: SELECT c.* FROM cms_role_user a LEFT JOIN cms_role_pri b ON a.role_id=b.role_id 
                        LEFT JOIN cms_privilege c ON b.pri_id=c.id
                      WHERE `user_id` = '1'  [ RunTime:0.0000s ]
WARN: 测试日志信息，这是警告级别
SQL: SHOW COLUMNS FROM `cms_journal` [ RunTime:0.0137s ]
NOTIC: [8] Undefined variable: operation D:\c\Application\Admin\Controller\BaseController.class.php 第 107 行.
SQL: INSERT INTO `cms_journal` (`user_id`,`operation`,`operation_url`,`operation_time`,`shop_id`,`operating_state`) VALUES ('1',NULL,'/index.php/Admin/trade/ShoworderInfo/tids/2415544176689525','1487897766','2','浏览页面') [ RunTime:0.0039s ]
SQL: SHOW COLUMNS FROM `cms_clock` [ RunTime:0.0127s ]
SQL: SELECT * FROM `cms_clock` WHERE `user_id` = 1 AND `year` = 2017 AND `month` = 2 AND `day` = 24 LIMIT 1   [ RunTime:0.0000s ]
SQL: SHOW COLUMNS FROM `cms_orders` [ RunTime:0.0137s ]
SQL: SELECT `tid` FROM `cms_orders` WHERE `tid_s` = '2415544176689525'  [ RunTime:0.0010s ]
SQL: SHOW COLUMNS FROM `cms_orderinfo` [ RunTime:0.0127s ]
SQL: SELECT * FROM cms_orderinfo a WHERE `tid` IN ('2415544176689525')  [ RunTime:0.0010s ]

[ 2017-02-24T08:56:06+08:00 ] 127.0.0.1 /index.php/Admin/trade/ShoworderInfo/tids/2860954490084395
INFO: [ app_begin ] --START--
INFO: Run Behavior\ReadHtmlCacheBehavior [ RunTime:0.000976s ]
INFO: [ app_begin ] --END-- [ RunTime:0.000976s ]
SQL: SHOW COLUMNS FROM `cms_user` [ RunTime:0.0137s ]
SQL: SELECT * FROM `cms_user` WHERE `accounts` = 'root' LIMIT 1   [ RunTime:0.0000s ]
SQL: SHOW COLUMNS FROM `cms_role_user` [ RunTime:0.0127s ]
SQL: SELECT c.* FROM cms_role_user a LEFT JOIN cms_role_pri b ON a.role_id=b.role_id 
                        LEFT JOIN cms_privilege c ON b.pri_id=c.id
                      WHERE `user_id` = '1'  [ RunTime:0.0000s ]
WARN: 测试日志信息，这是警告级别
SQL: SHOW COLUMNS FROM `cms_journal` [ RunTime:0.0137s ]
NOTIC: [8] Undefined variable: operation D:\c\Application\Admin\Controller\BaseController.class.php 第 107 行.
SQL: INSERT INTO `cms_journal` (`user_id`,`operation`,`operation_url`,`operation_time`,`shop_id`,`operating_state`) VALUES ('1',NULL,'/index.php/Admin/trade/ShoworderInfo/tids/2860954490084395','1487897766','2','浏览页面') [ RunTime:0.0029s ]
SQL: SHOW COLUMNS FROM `cms_clock` [ RunTime:0.0137s ]
SQL: SELECT * FROM `cms_clock` WHERE `user_id` = 1 AND `year` = 2017 AND `month` = 2 AND `day` = 24 LIMIT 1   [ RunTime:0.0010s ]
SQL: SHOW COLUMNS FROM `cms_orders` [ RunTime:0.0137s ]
SQL: SELECT `tid` FROM `cms_orders` WHERE `tid_s` = '2860954490084395'  [ RunTime:0.0000s ]
SQL: SHOW COLUMNS FROM `cms_orderinfo` [ RunTime:0.0127s ]
SQL: SELECT * FROM cms_orderinfo a WHERE `tid` IN ('2860954490084395')  [ RunTime:0.0010s ]

[ 2017-02-24T08:56:07+08:00 ] 127.0.0.1 /index.php/Admin/trade/ShoworderInfo/tids/2914297603581915
INFO: [ app_begin ] --START--
INFO: Run Behavior\ReadHtmlCacheBehavior [ RunTime:0.000000s ]
INFO: [ app_begin ] --END-- [ RunTime:0.000000s ]
SQL: SHOW COLUMNS FROM `cms_user` [ RunTime:0.0137s ]
SQL: SELECT * FROM `cms_user` WHERE `accounts` = 'root' LIMIT 1   [ RunTime:0.0000s ]
SQL: SHOW COLUMNS FROM `cms_role_user` [ RunTime:0.0127s ]
SQL: SELECT c.* FROM cms_role_user a LEFT JOIN cms_role_pri b ON a.role_id=b.role_id 
                        LEFT JOIN cms_privilege c ON b.pri_id=c.id
                      WHERE `user_id` = '1'  [ RunTime:0.0000s ]
WARN: 测试日志信息，这是警告级别
SQL: SHOW COLUMNS FROM `cms_journal` [ RunTime:0.0127s ]
NOTIC: [8] Undefined variable: operation D:\c\Application\Admin\Controller\BaseController.class.php 第 107 行.
SQL: INSERT INTO `cms_journal` (`user_id`,`operation`,`operation_url`,`operation_time`,`shop_id`,`operating_state`) VALUES ('1',NULL,'/index.php/Admin/trade/ShoworderInfo/tids/2914297603581915','1487897766','2','浏览页面') [ RunTime:0.0039s ]
SQL: SHOW COLUMNS FROM `cms_clock` [ RunTime:0.0127s ]
SQL: SELECT * FROM `cms_clock` WHERE `user_id` = 1 AND `year` = 2017 AND `month` = 2 AND `day` = 24 LIMIT 1   [ RunTime:0.0000s ]
SQL: SHOW COLUMNS FROM `cms_orders` [ RunTime:0.0137s ]
SQL: SELECT `tid` FROM `cms_orders` WHERE `tid_s` = '2914297603581915'  [ RunTime:0.0000s ]
SQL: SHOW COLUMNS FROM `cms_orderinfo` [ RunTime:0.0137s ]
SQL: SELECT * FROM cms_orderinfo a WHERE `tid` IN ('2914297603581915')  [ RunTime:0.0000s ]

[ 2017-02-24T08:56:07+08:00 ] 127.0.0.1 /index.php/Admin/trade/ShoworderInfo/tids/2914926838268611
INFO: [ app_begin ] --START--
INFO: Run Behavior\ReadHtmlCacheBehavior [ RunTime:0.000000s ]
INFO: [ app_begin ] --END-- [ RunTime:0.000000s ]
SQL: SHOW COLUMNS FROM `cms_user` [ RunTime:0.0137s ]
SQL: SELECT * FROM `cms_user` WHERE `accounts` = 'root' LIMIT 1   [ RunTime:0.0010s ]
SQL: SHOW COLUMNS FROM `cms_role_user` [ RunTime:0.0127s ]
SQL: SELECT c.* FROM cms_role_user a LEFT JOIN cms_role_pri b ON a.role_id=b.role_id 
                        LEFT JOIN cms_privilege c ON b.pri_id=c.id
                      WHERE `user_id` = '1'  [ RunTime:0.0000s ]
WARN: 测试日志信息，这是警告级别
SQL: SHOW COLUMNS FROM `cms_journal` [ RunTime:0.0137s ]
NOTIC: [8] Undefined variable: operation D:\c\Application\Admin\Controller\BaseController.class.php 第 107 行.
SQL: INSERT INTO `cms_journal` (`user_id`,`operation`,`operation_url`,`operation_time`,`shop_id`,`operating_state`) VALUES ('1',NULL,'/index.php/Admin/trade/ShoworderInfo/tids/2914926838268611','1487897767','2','浏览页面') [ RunTime:0.0039s ]
SQL: SHOW COLUMNS FROM `cms_clock` [ RunTime:0.0137s ]
SQL: SELECT * FROM `cms_clock` WHERE `user_id` = 1 AND `year` = 2017 AND `month` = 2 AND `day` = 24 LIMIT 1   [ RunTime:0.0000s ]
SQL: SHOW COLUMNS FROM `cms_orders` [ RunTime:0.0137s ]
SQL: SELECT `tid` FROM `cms_orders` WHERE `tid_s` = '2914926838268611'  [ RunTime:0.0000s ]
SQL: SHOW COLUMNS FROM `cms_orderinfo` [ RunTime:0.0137s ]
SQL: SELECT * FROM cms_orderinfo a WHERE `tid` IN ('2914926838268611')  [ RunTime:0.0000s ]

[ 2017-02-24T08:56:07+08:00 ] 127.0.0.1 /index.php/Admin/trade/ShoworderInfo/tids/2415759981589644
INFO: [ app_begin ] --START--
INFO: Run Behavior\ReadHtmlCacheBehavior [ RunTime:0.000976s ]
INFO: [ app_begin ] --END-- [ RunTime:0.000976s ]
SQL: SHOW COLUMNS FROM `cms_user` [ RunTime:0.0156s ]
SQL: SELECT * FROM `cms_user` WHERE `accounts` = 'root' LIMIT 1   [ RunTime:0.0000s ]
SQL: SHOW COLUMNS FROM `cms_role_user` [ RunTime:0.0137s ]
SQL: SELECT c.* FROM cms_role_user a LEFT JOIN cms_role_pri b ON a.role_id=b.role_id 
                        LEFT JOIN cms_privilege c ON b.pri_id=c.id
                      WHERE `user_id` = '1'  [ RunTime:0.0000s ]
WARN: 测试日志信息，这是警告级别
SQL: SHOW COLUMNS FROM `cms_journal` [ RunTime:0.0137s ]
NOTIC: [8] Undefined variable: operation D:\c\Application\Admin\Controller\BaseController.class.php 第 107 行.
SQL: INSERT INTO `cms_journal` (`user_id`,`operation`,`operation_url`,`operation_time`,`shop_id`,`operating_state`) VALUES ('1',NULL,'/index.php/Admin/trade/ShoworderInfo/tids/2415759981589644','1487897767','2','浏览页面') [ RunTime:0.0039s ]
SQL: SHOW COLUMNS FROM `cms_clock` [ RunTime:0.0137s ]
SQL: SELECT * FROM `cms_clock` WHERE `user_id` = 1 AND `year` = 2017 AND `month` = 2 AND `day` = 24 LIMIT 1   [ RunTime:0.0000s ]
SQL: SHOW COLUMNS FROM `cms_orders` [ RunTime:0.0137s ]
SQL: SELECT `tid` FROM `cms_orders` WHERE `tid_s` = '2415759981589644'  [ RunTime:0.0000s ]
SQL: SHOW COLUMNS FROM `cms_orderinfo` [ RunTime:0.0127s ]
SQL: SELECT * FROM cms_orderinfo a WHERE `tid` IN ('2415759981589644')  [ RunTime:0.0000s ]

[ 2017-02-24T08:56:07+08:00 ] 127.0.0.1 /index.php/Admin/trade/ShoworderInfo/tids/2861106290679760
INFO: [ app_begin ] --START--
INFO: Run Behavior\ReadHtmlCacheBehavior [ RunTime:0.000000s ]
INFO: [ app_begin ] --END-- [ RunTime:0.000000s ]
SQL: SHOW COLUMNS FROM `cms_user` [ RunTime:0.0137s ]
SQL: SELECT * FROM `cms_user` WHERE `accounts` = 'root' LIMIT 1   [ RunTime:0.0000s ]
SQL: SHOW COLUMNS FROM `cms_role_user` [ RunTime:0.0137s ]
SQL: SELECT c.* FROM cms_role_user a LEFT JOIN cms_role_pri b ON a.role_id=b.role_id 
                        LEFT JOIN cms_privilege c ON b.pri_id=c.id
                      WHERE `user_id` = '1'  [ RunTime:0.0000s ]
WARN: 测试日志信息，这是警告级别
SQL: SHOW COLUMNS FROM `cms_journal` [ RunTime:0.0137s ]
NOTIC: [8] Undefined variable: operation D:\c\Application\Admin\Controller\BaseController.class.php 第 107 行.
SQL: INSERT INTO `cms_journal` (`user_id`,`operation`,`operation_url`,`operation_time`,`shop_id`,`operating_state`) VALUES ('1',NULL,'/index.php/Admin/trade/ShoworderInfo/tids/2861106290679760','1487897767','2','浏览页面') [ RunTime:0.0039s ]
SQL: SHOW COLUMNS FROM `cms_clock` [ RunTime:0.0137s ]
SQL: SELECT * FROM `cms_clock` WHERE `user_id` = 1 AND `year` = 2017 AND `month` = 2 AND `day` = 24 LIMIT 1   [ RunTime:0.0000s ]
SQL: SHOW COLUMNS FROM `cms_orders` [ RunTime:0.0127s ]
SQL: SELECT `tid` FROM `cms_orders` WHERE `tid_s` = '2861106290679760'  [ RunTime:0.0000s ]
SQL: SHOW COLUMNS FROM `cms_orderinfo` [ RunTime:0.0137s ]
SQL: SELECT * FROM cms_orderinfo a WHERE `tid` IN ('2861106290679760')  [ RunTime:0.0000s ]

[ 2017-02-24T08:56:07+08:00 ] 127.0.0.1 /index.php/Admin/trade/ShoworderInfo/tids/2414424994529439
INFO: [ app_begin ] --START--
INFO: Run Behavior\ReadHtmlCacheBehavior [ RunTime:0.000976s ]
INFO: [ app_begin ] --END-- [ RunTime:0.000976s ]
SQL: SHOW COLUMNS FROM `cms_user` [ RunTime:0.0137s ]
SQL: SELECT * FROM `cms_user` WHERE `accounts` = 'root' LIMIT 1   [ RunTime:0.0000s ]
SQL: SHOW COLUMNS FROM `cms_role_user` [ RunTime:0.0127s ]
SQL: SELECT c.* FROM cms_role_user a LEFT JOIN cms_role_pri b ON a.role_id=b.role_id 
                        LEFT JOIN cms_privilege c ON b.pri_id=c.id
                      WHERE `user_id` = '1'  [ RunTime:0.0010s ]
WARN: 测试日志信息，这是警告级别
SQL: SHOW COLUMNS FROM `cms_journal` [ RunTime:0.0127s ]
NOTIC: [8] Undefined variable: operation D:\c\Application\Admin\Controller\BaseController.class.php 第 107 行.
SQL: INSERT INTO `cms_journal` (`user_id`,`operation`,`operation_url`,`operation_time`,`shop_id`,`operating_state`) VALUES ('1',NULL,'/index.php/Admin/trade/ShoworderInfo/tids/2414424994529439','1487897767','2','浏览页面') [ RunTime:0.0029s ]
SQL: SHOW COLUMNS FROM `cms_clock` [ RunTime:0.0127s ]
SQL: SELECT * FROM `cms_clock` WHERE `user_id` = 1 AND `year` = 2017 AND `month` = 2 AND `day` = 24 LIMIT 1   [ RunTime:0.0000s ]
SQL: SHOW COLUMNS FROM `cms_orders` [ RunTime:0.0137s ]
SQL: SELECT `tid` FROM `cms_orders` WHERE `tid_s` = '2414424994529439'  [ RunTime:0.0000s ]
SQL: SHOW COLUMNS FROM `cms_orderinfo` [ RunTime:0.0137s ]
SQL: SELECT * FROM cms_orderinfo a WHERE `tid` IN ('2414424994529439')  [ RunTime:0.0000s ]

[ 2017-02-24T08:56:07+08:00 ] 127.0.0.1 /index.php/Admin/trade/ShoworderInfo/tids/2414422796978740
INFO: [ app_begin ] --START--
INFO: Run Behavior\ReadHtmlCacheBehavior [ RunTime:0.000976s ]
INFO: [ app_begin ] --END-- [ RunTime:0.000976s ]
SQL: SHOW COLUMNS FROM `cms_user` [ RunTime:0.0137s ]
SQL: SELECT * FROM `cms_user` WHERE `accounts` = 'root' LIMIT 1   [ RunTime:0.0010s ]
SQL: SHOW COLUMNS FROM `cms_role_user` [ RunTime:0.0127s ]
SQL: SELECT c.* FROM cms_role_user a LEFT JOIN cms_role_pri b ON a.role_id=b.role_id 
                        LEFT JOIN cms_privilege c ON b.pri_id=c.id
                      WHERE `user_id` = '1'  [ RunTime:0.0000s ]
WARN: 测试日志信息，这是警告级别
SQL: SHOW COLUMNS FROM `cms_journal` [ RunTime:0.0137s ]
NOTIC: [8] Undefined variable: operation D:\c\Application\Admin\Controller\BaseController.class.php 第 107 行.
SQL: INSERT INTO `cms_journal` (`user_id`,`operation`,`operation_url`,`operation_time`,`shop_id`,`operating_state`) VALUES ('1',NULL,'/index.php/Admin/trade/ShoworderInfo/tids/2414422796978740','1487897767','2','浏览页面') [ RunTime:0.0029s ]
SQL: SHOW COLUMNS FROM `cms_clock` [ RunTime:0.0127s ]
SQL: SELECT * FROM `cms_clock` WHERE `user_id` = 1 AND `year` = 2017 AND `month` = 2 AND `day` = 24 LIMIT 1   [ RunTime:0.0000s ]
SQL: SHOW COLUMNS FROM `cms_orders` [ RunTime:0.0137s ]
SQL: SELECT `tid` FROM `cms_orders` WHERE `tid_s` = '2414422796978740'  [ RunTime:0.0010s ]
SQL: SHOW COLUMNS FROM `cms_orderinfo` [ RunTime:0.0127s ]
SQL: SELECT * FROM cms_orderinfo a WHERE `tid` IN ('2414422796978740')  [ RunTime:0.0010s ]

[ 2017-02-24T08:56:07+08:00 ] 127.0.0.1 /index.php/Admin/trade/ShoworderInfo/tids/2414685562069732
INFO: [ app_begin ] --START--
INFO: Run Behavior\ReadHtmlCacheBehavior [ RunTime:0.000976s ]
INFO: [ app_begin ] --END-- [ RunTime:0.000976s ]
SQL: SHOW COLUMNS FROM `cms_user` [ RunTime:0.0137s ]
SQL: SELECT * FROM `cms_user` WHERE `accounts` = 'root' LIMIT 1   [ RunTime:0.0000s ]
SQL: SHOW COLUMNS FROM `cms_role_user` [ RunTime:0.0127s ]
SQL: SELECT c.* FROM cms_role_user a LEFT JOIN cms_role_pri b ON a.role_id=b.role_id 
                        LEFT JOIN cms_privilege c ON b.pri_id=c.id
                      WHERE `user_id` = '1'  [ RunTime:0.0010s ]
WARN: 测试日志信息，这是警告级别
SQL: SHOW COLUMNS FROM `cms_journal` [ RunTime:0.0127s ]
NOTIC: [8] Undefined variable: operation D:\c\Application\Admin\Controller\BaseController.class.php 第 107 行.
SQL: INSERT INTO `cms_journal` (`user_id`,`operation`,`operation_url`,`operation_time`,`shop_id`,`operating_state`) VALUES ('1',NULL,'/index.php/Admin/trade/ShoworderInfo/tids/2414685562069732','1487897767','2','浏览页面') [ RunTime:0.0039s ]
SQL: SHOW COLUMNS FROM `cms_clock` [ RunTime:0.0137s ]
SQL: SELECT * FROM `cms_clock` WHERE `user_id` = 1 AND `year` = 2017 AND `month` = 2 AND `day` = 24 LIMIT 1   [ RunTime:0.0000s ]
SQL: SHOW COLUMNS FROM `cms_orders` [ RunTime:0.0146s ]
SQL: SELECT `tid` FROM `cms_orders` WHERE `tid_s` = '2414685562069732'  [ RunTime:0.0000s ]
SQL: SHOW COLUMNS FROM `cms_orderinfo` [ RunTime:0.0137s ]
SQL: SELECT * FROM cms_orderinfo a WHERE `tid` IN ('2414685562069732')  [ RunTime:0.0000s ]

[ 2017-02-24T08:56:07+08:00 ] 127.0.0.1 /index.php/Admin/trade/ShoworderInfo/tids/2861274293229688
INFO: [ app_begin ] --START--
INFO: Run Behavior\ReadHtmlCacheBehavior [ RunTime:0.000976s ]
INFO: [ app_begin ] --END-- [ RunTime:0.000976s ]
SQL: SHOW COLUMNS FROM `cms_user` [ RunTime:0.0137s ]
SQL: SELECT * FROM `cms_user` WHERE `accounts` = 'root' LIMIT 1   [ RunTime:0.0000s ]
SQL: SHOW COLUMNS FROM `cms_role_user` [ RunTime:0.0127s ]
SQL: SELECT c.* FROM cms_role_user a LEFT JOIN cms_role_pri b ON a.role_id=b.role_id 
                        LEFT JOIN cms_privilege c ON b.pri_id=c.id
                      WHERE `user_id` = '1'  [ RunTime:0.0000s ]
WARN: 测试日志信息，这是警告级别
SQL: SHOW COLUMNS FROM `cms_journal` [ RunTime:0.0127s ]
NOTIC: [8] Undefined variable: operation D:\c\Application\Admin\Controller\BaseController.class.php 第 107 行.
SQL: INSERT INTO `cms_journal` (`user_id`,`operation`,`operation_url`,`operation_time`,`shop_id`,`operating_state`) VALUES ('1',NULL,'/index.php/Admin/trade/ShoworderInfo/tids/2861274293229688','1487897767','2','浏览页面') [ RunTime:0.0039s ]
SQL: SHOW COLUMNS FROM `cms_clock` [ RunTime:0.0127s ]
SQL: SELECT * FROM `cms_clock` WHERE `user_id` = 1 AND `year` = 2017 AND `month` = 2 AND `day` = 24 LIMIT 1   [ RunTime:0.0000s ]
SQL: SHOW COLUMNS FROM `cms_orders` [ RunTime:0.0137s ]
SQL: SELECT `tid` FROM `cms_orders` WHERE `tid_s` = '2861274293229688'  [ RunTime:0.0000s ]
SQL: SHOW COLUMNS FROM `cms_orderinfo` [ RunTime:0.0127s ]
SQL: SELECT * FROM cms_orderinfo a WHERE `tid` IN ('2861274293229688')  [ RunTime:0.0010s ]

[ 2017-02-24T08:56:07+08:00 ] 127.0.0.1 /index.php/Admin/trade/ShoworderInfo/tids/2859660083628669
INFO: [ app_begin ] --START--
INFO: Run Behavior\ReadHtmlCacheBehavior [ RunTime:0.000977s ]
INFO: [ app_begin ] --END-- [ RunTime:0.000977s ]
SQL: SHOW COLUMNS FROM `cms_user` [ RunTime:0.0127s ]
SQL: SELECT * FROM `cms_user` WHERE `accounts` = 'root' LIMIT 1   [ RunTime:0.0010s ]
SQL: SHOW COLUMNS FROM `cms_role_user` [ RunTime:0.0127s ]
SQL: SELECT c.* FROM cms_role_user a LEFT JOIN cms_role_pri b ON a.role_id=b.role_id 
                        LEFT JOIN cms_privilege c ON b.pri_id=c.id
                      WHERE `user_id` = '1'  [ RunTime:0.0010s ]
WARN: 测试日志信息，这是警告级别
SQL: SHOW COLUMNS FROM `cms_journal` [ RunTime:0.0137s ]
NOTIC: [8] Undefined variable: operation D:\c\Application\Admin\Controller\BaseController.class.php 第 107 行.
SQL: INSERT INTO `cms_journal` (`user_id`,`operation`,`operation_url`,`operation_time`,`shop_id`,`operating_state`) VALUES ('1',NULL,'/index.php/Admin/trade/ShoworderInfo/tids/2859660083628669','1487897767','2','浏览页面') [ RunTime:0.0039s ]
SQL: SHOW COLUMNS FROM `cms_clock` [ RunTime:0.0127s ]
SQL: SELECT * FROM `cms_clock` WHERE `user_id` = 1 AND `year` = 2017 AND `month` = 2 AND `day` = 24 LIMIT 1   [ RunTime:0.0010s ]
SQL: SHOW COLUMNS FROM `cms_orders` [ RunTime:0.0137s ]
SQL: SELECT `tid` FROM `cms_orders` WHERE `tid_s` = '2859660083628669'  [ RunTime:0.0010s ]
SQL: SHOW COLUMNS FROM `cms_orderinfo` [ RunTime:0.0137s ]
SQL: SELECT * FROM cms_orderinfo a WHERE `tid` IN ('2859660083628669')  [ RunTime:0.0000s ]

[ 2017-02-24T08:56:07+08:00 ] 127.0.0.1 /index.php/Admin/trade/ShoworderInfo/tids/2861316693118750
INFO: [ app_begin ] --START--
INFO: Run Behavior\ReadHtmlCacheBehavior [ RunTime:0.000000s ]
INFO: [ app_begin ] --END-- [ RunTime:0.000000s ]
SQL: SHOW COLUMNS FROM `cms_user` [ RunTime:0.0137s ]
SQL: SELECT * FROM `cms_user` WHERE `accounts` = 'root' LIMIT 1   [ RunTime:0.0000s ]
SQL: SHOW COLUMNS FROM `cms_role_user` [ RunTime:0.0137s ]
SQL: SELECT c.* FROM cms_role_user a LEFT JOIN cms_role_pri b ON a.role_id=b.role_id 
                        LEFT JOIN cms_privilege c ON b.pri_id=c.id
                      WHERE `user_id` = '1'  [ RunTime:0.0000s ]
WARN: 测试日志信息，这是警告级别
SQL: SHOW COLUMNS FROM `cms_journal` [ RunTime:0.0137s ]
NOTIC: [8] Undefined variable: operation D:\c\Application\Admin\Controller\BaseController.class.php 第 107 行.
SQL: INSERT INTO `cms_journal` (`user_id`,`operation`,`operation_url`,`operation_time`,`shop_id`,`operating_state`) VALUES ('1',NULL,'/index.php/Admin/trade/ShoworderInfo/tids/2861316693118750','1487897767','2','浏览页面') [ RunTime:0.0029s ]
SQL: SHOW COLUMNS FROM `cms_clock` [ RunTime:0.0127s ]
SQL: SELECT * FROM `cms_clock` WHERE `user_id` = 1 AND `year` = 2017 AND `month` = 2 AND `day` = 24 LIMIT 1   [ RunTime:0.0000s ]
SQL: SHOW COLUMNS FROM `cms_orders` [ RunTime:0.0146s ]
SQL: SELECT `tid` FROM `cms_orders` WHERE `tid_s` = '2861316693118750'  [ RunTime:0.0010s ]
SQL: SHOW COLUMNS FROM `cms_orderinfo` [ RunTime:0.0127s ]
SQL: SELECT * FROM cms_orderinfo a WHERE `tid` IN ('2861316693118750')  [ RunTime:0.0000s ]

[ 2017-02-24T08:56:08+08:00 ] 127.0.0.1 /index.php/Admin/trade/ShoworderInfo/tids/2861339694414963
INFO: [ app_begin ] --START--
INFO: Run Behavior\ReadHtmlCacheBehavior [ RunTime:0.000000s ]
INFO: [ app_begin ] --END-- [ RunTime:0.000000s ]
SQL: SHOW COLUMNS FROM `cms_user` [ RunTime:0.0137s ]
SQL: SELECT * FROM `cms_user` WHERE `accounts` = 'root' LIMIT 1   [ RunTime:0.0000s ]
SQL: SHOW COLUMNS FROM `cms_role_user` [ RunTime:0.0127s ]
SQL: SELECT c.* FROM cms_role_user a LEFT JOIN cms_role_pri b ON a.role_id=b.role_id 
                        LEFT JOIN cms_privilege c ON b.pri_id=c.id
                      WHERE `user_id` = '1'  [ RunTime:0.0000s ]
WARN: 测试日志信息，这是警告级别
SQL: SHOW COLUMNS FROM `cms_journal` [ RunTime:0.0137s ]
NOTIC: [8] Undefined variable: operation D:\c\Application\Admin\Controller\BaseController.class.php 第 107 行.
SQL: INSERT INTO `cms_journal` (`user_id`,`operation`,`operation_url`,`operation_time`,`shop_id`,`operating_state`) VALUES ('1',NULL,'/index.php/Admin/trade/ShoworderInfo/tids/2861339694414963','1487897768','2','浏览页面') [ RunTime:0.0039s ]
SQL: SHOW COLUMNS FROM `cms_clock` [ RunTime:0.0137s ]
SQL: SELECT * FROM `cms_clock` WHERE `user_id` = 1 AND `year` = 2017 AND `month` = 2 AND `day` = 24 LIMIT 1   [ RunTime:0.0000s ]
SQL: SHOW COLUMNS FROM `cms_orders` [ RunTime:0.0137s ]
SQL: SELECT `tid` FROM `cms_orders` WHERE `tid_s` = '2861339694414963'  [ RunTime:0.0000s ]
SQL: SHOW COLUMNS FROM `cms_orderinfo` [ RunTime:0.0137s ]
SQL: SELECT * FROM cms_orderinfo a WHERE `tid` IN ('2861339694414963')  [ RunTime:0.0000s ]

[ 2017-02-24T08:56:08+08:00 ] 127.0.0.1 /index.php/Admin/trade/ShoworderInfo/tids/2862344109214963
INFO: [ app_begin ] --START--
INFO: Run Behavior\ReadHtmlCacheBehavior [ RunTime:0.000000s ]
INFO: [ app_begin ] --END-- [ RunTime:0.000977s ]
SQL: SHOW COLUMNS FROM `cms_user` [ RunTime:0.0146s ]
SQL: SELECT * FROM `cms_user` WHERE `accounts` = 'root' LIMIT 1   [ RunTime:0.0000s ]
SQL: SHOW COLUMNS FROM `cms_role_user` [ RunTime:0.0127s ]
SQL: SELECT c.* FROM cms_role_user a LEFT JOIN cms_role_pri b ON a.role_id=b.role_id 
                        LEFT JOIN cms_privilege c ON b.pri_id=c.id
                      WHERE `user_id` = '1'  [ RunTime:0.0000s ]
WARN: 测试日志信息，这是警告级别
SQL: SHOW COLUMNS FROM `cms_journal` [ RunTime:0.0137s ]
NOTIC: [8] Undefined variable: operation D:\c\Application\Admin\Controller\BaseController.class.php 第 107 行.
SQL: INSERT INTO `cms_journal` (`user_id`,`operation`,`operation_url`,`operation_time`,`shop_id`,`operating_state`) VALUES ('1',NULL,'/index.php/Admin/trade/ShoworderInfo/tids/2862344109214963','1487897768','2','浏览页面') [ RunTime:0.0039s ]
SQL: SHOW COLUMNS FROM `cms_clock` [ RunTime:0.0137s ]
SQL: SELECT * FROM `cms_clock` WHERE `user_id` = 1 AND `year` = 2017 AND `month` = 2 AND `day` = 24 LIMIT 1   [ RunTime:0.0000s ]
SQL: SHOW COLUMNS FROM `cms_orders` [ RunTime:0.0137s ]
SQL: SELECT `tid` FROM `cms_orders` WHERE `tid_s` = '2862344109214963'  [ RunTime:0.0000s ]
SQL: SHOW COLUMNS FROM `cms_orderinfo` [ RunTime:0.0137s ]
SQL: SELECT * FROM cms_orderinfo a WHERE `tid` IN ('2862344109214963')  [ RunTime:0.0000s ]

[ 2017-02-24T08:56:08+08:00 ] 127.0.0.1 /index.php/Admin/trade/ShoworderInfo/tids/2415755179087143
INFO: [ app_begin ] --START--
INFO: Run Behavior\ReadHtmlCacheBehavior [ RunTime:0.000976s ]
INFO: [ app_begin ] --END-- [ RunTime:0.000976s ]
SQL: SHOW COLUMNS FROM `cms_user` [ RunTime:0.0137s ]
SQL: SELECT * FROM `cms_user` WHERE `accounts` = 'root' LIMIT 1   [ RunTime:0.0000s ]
SQL: SHOW COLUMNS FROM `cms_role_user` [ RunTime:0.0127s ]
SQL: SELECT c.* FROM cms_role_user a LEFT JOIN cms_role_pri b ON a.role_id=b.role_id 
                        LEFT JOIN cms_privilege c ON b.pri_id=c.id
                      WHERE `user_id` = '1'  [ RunTime:0.0000s ]
WARN: 测试日志信息，这是警告级别
SQL: SHOW COLUMNS FROM `cms_journal` [ RunTime:0.0127s ]
NOTIC: [8] Undefined variable: operation D:\c\Application\Admin\Controller\BaseController.class.php 第 107 行.
SQL: INSERT INTO `cms_journal` (`user_id`,`operation`,`operation_url`,`operation_time`,`shop_id`,`operating_state`) VALUES ('1',NULL,'/index.php/Admin/trade/ShoworderInfo/tids/2415755179087143','1487897768','2','浏览页面') [ RunTime:0.0029s ]
SQL: SHOW COLUMNS FROM `cms_clock` [ RunTime:0.0137s ]
SQL: SELECT * FROM `cms_clock` WHERE `user_id` = 1 AND `year` = 2017 AND `month` = 2 AND `day` = 24 LIMIT 1   [ RunTime:0.0000s ]
SQL: SHOW COLUMNS FROM `cms_orders` [ RunTime:0.0137s ]
SQL: SELECT `tid` FROM `cms_orders` WHERE `tid_s` = '2415755179087143'  [ RunTime:0.0000s ]
SQL: SHOW COLUMNS FROM `cms_orderinfo` [ RunTime:0.0127s ]
SQL: SELECT * FROM cms_orderinfo a WHERE `tid` IN ('2415755179087143')  [ RunTime:0.0000s ]

[ 2017-02-24T08:56:08+08:00 ] 127.0.0.1 /index.php/Admin/trade/ShoworderInfo/tids/2414558995718036
INFO: [ app_begin ] --START--
INFO: Run Behavior\ReadHtmlCacheBehavior [ RunTime:0.000977s ]
INFO: [ app_begin ] --END-- [ RunTime:0.000977s ]
SQL: SHOW COLUMNS FROM `cms_user` [ RunTime:0.0146s ]
SQL: SELECT * FROM `cms_user` WHERE `accounts` = 'root' LIMIT 1   [ RunTime:0.0000s ]
SQL: SHOW COLUMNS FROM `cms_role_user` [ RunTime:0.0127s ]
SQL: SELECT c.* FROM cms_role_user a LEFT JOIN cms_role_pri b ON a.role_id=b.role_id 
                        LEFT JOIN cms_privilege c ON b.pri_id=c.id
                      WHERE `user_id` = '1'  [ RunTime:0.0000s ]
WARN: 测试日志信息，这是警告级别
SQL: SHOW COLUMNS FROM `cms_journal` [ RunTime:0.0127s ]
NOTIC: [8] Undefined variable: operation D:\c\Application\Admin\Controller\BaseController.class.php 第 107 行.
SQL: INSERT INTO `cms_journal` (`user_id`,`operation`,`operation_url`,`operation_time`,`shop_id`,`operating_state`) VALUES ('1',NULL,'/index.php/Admin/trade/ShoworderInfo/tids/2414558995718036','1487897768','2','浏览页面') [ RunTime:0.0029s ]
SQL: SHOW COLUMNS FROM `cms_clock` [ RunTime:0.0137s ]
SQL: SELECT * FROM `cms_clock` WHERE `user_id` = 1 AND `year` = 2017 AND `month` = 2 AND `day` = 24 LIMIT 1   [ RunTime:0.0000s ]
SQL: SHOW COLUMNS FROM `cms_orders` [ RunTime:0.0137s ]
SQL: SELECT `tid` FROM `cms_orders` WHERE `tid_s` = '2414558995718036'  [ RunTime:0.0000s ]
SQL: SHOW COLUMNS FROM `cms_orderinfo` [ RunTime:0.0127s ]
SQL: SELECT * FROM cms_orderinfo a WHERE `tid` IN ('2414558995718036')  [ RunTime:0.0000s ]

[ 2017-02-24T08:56:08+08:00 ] 127.0.0.1 /index.php/Admin/trade/ShoworderInfo/tids/2859769281687150
INFO: [ app_begin ] --START--
INFO: Run Behavior\ReadHtmlCacheBehavior [ RunTime:0.000000s ]
INFO: [ app_begin ] --END-- [ RunTime:0.000000s ]
SQL: SHOW COLUMNS FROM `cms_user` [ RunTime:0.0137s ]
SQL: SELECT * FROM `cms_user` WHERE `accounts` = 'root' LIMIT 1   [ RunTime:0.0010s ]
SQL: SHOW COLUMNS FROM `cms_role_user` [ RunTime:0.0137s ]
SQL: SELECT c.* FROM cms_role_user a LEFT JOIN cms_role_pri b ON a.role_id=b.role_id 
                        LEFT JOIN cms_privilege c ON b.pri_id=c.id
                      WHERE `user_id` = '1'  [ RunTime:0.0000s ]
WARN: 测试日志信息，这是警告级别
SQL: SHOW COLUMNS FROM `cms_journal` [ RunTime:0.0127s ]
NOTIC: [8] Undefined variable: operation D:\c\Application\Admin\Controller\BaseController.class.php 第 107 行.
SQL: INSERT INTO `cms_journal` (`user_id`,`operation`,`operation_url`,`operation_time`,`shop_id`,`operating_state`) VALUES ('1',NULL,'/index.php/Admin/trade/ShoworderInfo/tids/2859769281687150','1487897768','2','浏览页面') [ RunTime:0.0039s ]
SQL: SHOW COLUMNS FROM `cms_clock` [ RunTime:0.0127s ]
SQL: SELECT * FROM `cms_clock` WHERE `user_id` = 1 AND `year` = 2017 AND `month` = 2 AND `day` = 24 LIMIT 1   [ RunTime:0.0000s ]
SQL: SHOW COLUMNS FROM `cms_orders` [ RunTime:0.0137s ]
SQL: SELECT `tid` FROM `cms_orders` WHERE `tid_s` = '2859769281687150'  [ RunTime:0.0010s ]
SQL: SHOW COLUMNS FROM `cms_orderinfo` [ RunTime:0.0127s ]
SQL: SELECT * FROM cms_orderinfo a WHERE `tid` IN ('2859769281687150')  [ RunTime:0.0000s ]

[ 2017-02-24T08:56:08+08:00 ] 127.0.0.1 /index.php/Admin/trade/ShoworderInfo/tids/2915071013471522
INFO: [ app_begin ] --START--
INFO: Run Behavior\ReadHtmlCacheBehavior [ RunTime:0.000977s ]
INFO: [ app_begin ] --END-- [ RunTime:0.000977s ]
SQL: SHOW COLUMNS FROM `cms_user` [ RunTime:0.0146s ]
SQL: SELECT * FROM `cms_user` WHERE `accounts` = 'root' LIMIT 1   [ RunTime:0.0000s ]
SQL: SHOW COLUMNS FROM `cms_role_user` [ RunTime:0.0127s ]
SQL: SELECT c.* FROM cms_role_user a LEFT JOIN cms_role_pri b ON a.role_id=b.role_id 
                        LEFT JOIN cms_privilege c ON b.pri_id=c.id
                      WHERE `user_id` = '1'  [ RunTime:0.0000s ]
WARN: 测试日志信息，这是警告级别
SQL: SHOW COLUMNS FROM `cms_journal` [ RunTime:0.0127s ]
NOTIC: [8] Undefined variable: operation D:\c\Application\Admin\Controller\BaseController.class.php 第 107 行.
SQL: INSERT INTO `cms_journal` (`user_id`,`operation`,`operation_url`,`operation_time`,`shop_id`,`operating_state`) VALUES ('1',NULL,'/index.php/Admin/trade/ShoworderInfo/tids/2915071013471522','1487897768','2','浏览页面') [ RunTime:0.0039s ]
SQL: SHOW COLUMNS FROM `cms_clock` [ RunTime:0.0137s ]
SQL: SELECT * FROM `cms_clock` WHERE `user_id` = 1 AND `year` = 2017 AND `month` = 2 AND `day` = 24 LIMIT 1   [ RunTime:0.0010s ]
SQL: SHOW COLUMNS FROM `cms_orders` [ RunTime:0.0137s ]
SQL: SELECT `tid` FROM `cms_orders` WHERE `tid_s` = '2915071013471522'  [ RunTime:0.0000s ]
SQL: SHOW COLUMNS FROM `cms_orderinfo` [ RunTime:0.0127s ]
SQL: SELECT * FROM cms_orderinfo a WHERE `tid` IN ('2915071013471522')  [ RunTime:0.0000s ]

[ 2017-02-24T08:56:37+08:00 ] 127.0.0.1 /index.php/Admin/worklog/wllist
WARN: 测试日志信息，这是警告级别

[ 2017-02-24T08:56:44+08:00 ] 127.0.0.1 /index.php/Admin/Stock/StockList
WARN: 测试日志信息，这是警告级别

[ 2017-02-24T08:56:49+08:00 ] 127.0.0.1 /index.php/Admin/Admin/Adminlist
WARN: 测试日志信息，这是警告级别

[ 2017-02-24T08:56:55+08:00 ] 127.0.0.1 /index.php/Admin/Admin/clock.html
WARN: 测试日志信息，这是警告级别

[ 2017-02-24T08:57:01+08:00 ] 127.0.0.1 /index.php/Admin/Admin/clock/p/2.html
WARN: 测试日志信息，这是警告级别

[ 2017-02-24T08:57:03+08:00 ] 127.0.0.1 /index.php/Admin/Admin/clock/p/1.html
WARN: 测试日志信息，这是警告级别

[ 2017-02-24T08:57:08+08:00 ] 127.0.0.1 /index.php/Admin/Admin/clock/CountDate/2016-11
WARN: 测试日志信息，这是警告级别

[ 2017-02-24T08:57:10+08:00 ] 127.0.0.1 /index.php/Admin/Admin/clock/CountDate/2016-11/p/2.html
WARN: 测试日志信息，这是警告级别

[ 2017-02-24T08:57:13+08:00 ] 127.0.0.1 /index.php/Admin/Admin/clock/CountDate/2016-11/p/1.html
WARN: 测试日志信息，这是警告级别

[ 2017-02-24T08:57:17+08:00 ] 127.0.0.1 /index.php/Admin/trade/tradeLIST
WARN: 测试日志信息，这是警告级别

[ 2017-02-24T09:47:54+08:00 ] 127.0.0.1 /index.php/Admin/skin/default/default.css
ERR: 无法加载控制器:Skin

[ 2017-02-24T09:47:54+08:00 ] 127.0.0.1 /index.php/Admin/js/dialog-plus-min.js
ERR: 无法加载控制器:Js

[ 2017-02-24T09:47:54+08:00 ] 127.0.0.1 /index.php/Admin/js/main.js
ERR: 无法加载控制器:Js

[ 2017-02-24T09:47:54+08:00 ] 127.0.0.1 /index.php/Admin/js/jquery-1.11.1.js
ERR: 无法加载控制器:Js

[ 2017-02-24T09:47:54+08:00 ] 127.0.0.1 /index.php/Admin/js/dialog-plus-min.js
ERR: 无法加载控制器:Js

[ 2017-02-24T09:47:54+08:00 ] 127.0.0.1 /index.php/Admin/js/main.js
ERR: 无法加载控制器:Js

[ 2017-02-24T09:48:00+08:00 ] 127.0.0.1 /index.php/Admin/trade/tradeLIST
WARN: 测试日志信息，这是警告级别

[ 2017-02-24T09:48:02+08:00 ] 127.0.0.1 /index.php/Admin/worklog/wllist
WARN: 测试日志信息，这是警告级别

[ 2017-02-24T09:48:05+08:00 ] 127.0.0.1 /index.php/Admin/worklog/xc.html
WARN: 测试日志信息，这是警告级别
ERR: 非法操作:xc

[ 2017-02-24T09:52:38+08:00 ] 127.0.0.1 /index.php/Admin/Trade/tradeLIST/button/%E6%90%9C%E7%B4%A2?p=14
WARN: 测试日志信息，这是警告级别

[ 2017-02-24T09:52:47+08:00 ] 127.0.0.1 /index.php/Admin/Trade/tradeLIST/button/%E6%90%9C%E7%B4%A2?p=8
WARN: 测试日志信息，这是警告级别

[ 2017-02-24T09:52:55+08:00 ] 127.0.0.1 /index.php/Admin/trade/ShoworderInfo/tids/2863958081437290
INFO: [ app_begin ] --START--
INFO: Run Behavior\ReadHtmlCacheBehavior [ RunTime:0.000000s ]
INFO: [ app_begin ] --END-- [ RunTime:0.000000s ]
SQL: SHOW COLUMNS FROM `cms_user` [ RunTime:0.0127s ]
SQL: SELECT * FROM `cms_user` WHERE `accounts` = 'root' LIMIT 1   [ RunTime:0.0000s ]
SQL: SHOW COLUMNS FROM `cms_role_user` [ RunTime:0.0127s ]
SQL: SELECT c.* FROM cms_role_user a LEFT JOIN cms_role_pri b ON a.role_id=b.role_id 
                        LEFT JOIN cms_privilege c ON b.pri_id=c.id
                      WHERE `user_id` = '1'  [ RunTime:0.0010s ]
WARN: 测试日志信息，这是警告级别
SQL: SHOW COLUMNS FROM `cms_journal` [ RunTime:0.0127s ]
NOTIC: [8] Undefined variable: operation D:\c\Application\Admin\Controller\BaseController.class.php 第 107 行.
SQL: INSERT INTO `cms_journal` (`user_id`,`operation`,`operation_url`,`operation_time`,`shop_id`,`operating_state`) VALUES ('1',NULL,'/index.php/Admin/trade/ShoworderInfo/tids/2863958081437290','1487901175','2','浏览页面') [ RunTime:0.0029s ]
SQL: SHOW COLUMNS FROM `cms_clock` [ RunTime:0.0137s ]
SQL: SELECT * FROM `cms_clock` WHERE `user_id` = 1 AND `year` = 2017 AND `month` = 2 AND `day` = 24 LIMIT 1   [ RunTime:0.0000s ]
SQL: SHOW COLUMNS FROM `cms_orders` [ RunTime:0.0146s ]
SQL: SELECT `tid` FROM `cms_orders` WHERE `tid_s` = '2863958081437290'  [ RunTime:0.0010s ]
SQL: SHOW COLUMNS FROM `cms_orderinfo` [ RunTime:0.0166s ]
SQL: SELECT * FROM cms_orderinfo a WHERE `tid` IN ('2863958081437290','2863949682687290')  [ RunTime:0.0000s ]

[ 2017-02-24T13:56:43+08:00 ] 127.0.0.1 /index.php/Admin/skin/default/default.css
ERR: 无法加载控制器:Skin

[ 2017-02-24T13:56:43+08:00 ] 127.0.0.1 /index.php/Admin/js/dialog-plus-min.js
ERR: 无法加载控制器:Js

[ 2017-02-24T13:56:43+08:00 ] 127.0.0.1 /index.php/Admin/js/jquery-1.11.1.js
ERR: 无法加载控制器:Js

[ 2017-02-24T13:56:43+08:00 ] 127.0.0.1 /index.php/Admin/js/main.js
ERR: 无法加载控制器:Js

[ 2017-02-24T13:56:43+08:00 ] 127.0.0.1 /index.php/Admin/js/dialog-plus-min.js
ERR: 无法加载控制器:Js

[ 2017-02-24T13:56:43+08:00 ] 127.0.0.1 /index.php/Admin/js/main.js
ERR: 无法加载控制器:Js

[ 2017-02-24T13:56:47+08:00 ] 127.0.0.1 /index.php/Admin/trade/ShoworderInfo/tids/2863958081437290
WARN: 测试日志信息，这是警告级别

[ 2017-02-24T13:56:59+08:00 ] 127.0.0.1 /index.php/Admin/trade/
WARN: 测试日志信息，这是警告级别
ERR: 非法操作:index

[ 2017-02-24T13:57:04+08:00 ] 127.0.0.1 /index.php/Admin/Products/ProductsList.html
WARN: 测试日志信息，这是警告级别

[ 2017-02-24T13:57:07+08:00 ] 127.0.0.1 /index.php/Admin/worklog/wllist
WARN: 测试日志信息，这是警告级别

[ 2017-02-24T14:09:37+08:00 ] 127.0.0.1 /index.php/Admin/worklog/wllist
WARN: 测试日志信息，这是警告级别
ERR: 模板不存在:./Application/Admin/View/Worklog/wllist.html

[ 2017-02-24T14:10:30+08:00 ] 127.0.0.1 /index.php/Admin/worklog/wllist
WARN: 测试日志信息，这是警告级别

[ 2017-02-24T14:12:32+08:00 ] 127.0.0.1 /index.php/Admin/worklog/wllist
WARN: 测试日志信息，这是警告级别

[ 2017-02-24T14:12:32+08:00 ] 127.0.0.1 /index.php/Admin/worklog/css/bootstrap-grid.min.css
WARN: 测试日志信息，这是警告级别
ERR: 非法操作:css

[ 2017-02-24T14:15:18+08:00 ] 127.0.0.1 /index.php/Admin/worklog/wllist
WARN: 测试日志信息，这是警告级别

[ 2017-02-24T14:16:25+08:00 ] 127.0.0.1 /index.php/Admin/worklog/wllist
WARN: 测试日志信息，这是警告级别

[ 2017-02-24T14:16:36+08:00 ] 127.0.0.1 /index.php/Admin/worklog/wllist
WARN: 测试日志信息，这是警告级别

[ 2017-02-24T14:17:13+08:00 ] 127.0.0.1 /index.php/Admin/worklog/wllist
WARN: 测试日志信息，这是警告级别

[ 2017-02-24T14:17:41+08:00 ] 127.0.0.1 /index.php/Admin/worklog/wllist
WARN: 测试日志信息，这是警告级别

[ 2017-02-24T14:18:35+08:00 ] 127.0.0.1 /index.php/Admin/worklog/wllist
WARN: 测试日志信息，这是警告级别

[ 2017-02-24T14:18:43+08:00 ] 127.0.0.1 /index.php/Admin/worklog/wllist
WARN: 测试日志信息，这是警告级别

[ 2017-02-24T14:19:05+08:00 ] 127.0.0.1 /index.php/Admin/worklog/wllist
WARN: 测试日志信息，这是警告级别

[ 2017-02-24T14:19:11+08:00 ] 127.0.0.1 /index.php/Admin/worklog/wllist
WARN: 测试日志信息，这是警告级别

[ 2017-02-24T14:19:29+08:00 ] 127.0.0.1 /index.php/Admin/worklog/wllist
WARN: 测试日志信息，这是警告级别

[ 2017-02-24T14:19:36+08:00 ] 127.0.0.1 /index.php/Admin/worklog/wllist
WARN: 测试日志信息，这是警告级别

[ 2017-02-24T14:19:51+08:00 ] 127.0.0.1 /index.php/Admin/worklog/wllist
WARN: 测试日志信息，这是警告级别

[ 2017-02-24T14:20:23+08:00 ] 127.0.0.1 /index.php/Admin/worklog/wllist
WARN: 测试日志信息，这是警告级别

[ 2017-02-24T14:20:45+08:00 ] 127.0.0.1 /index.php/Admin/worklog/wllist
WARN: 测试日志信息，这是警告级别

[ 2017-02-24T14:21:01+08:00 ] 127.0.0.1 /index.php/Admin/worklog/wllist
WARN: 测试日志信息，这是警告级别

[ 2017-02-24T14:21:36+08:00 ] 127.0.0.1 /index.php/Admin/worklog/wllist
WARN: 测试日志信息，这是警告级别

[ 2017-02-24T14:22:41+08:00 ] 127.0.0.1 /index.php/Admin/worklog/wllist
WARN: 测试日志信息，这是警告级别

[ 2017-02-24T14:23:07+08:00 ] 127.0.0.1 /index.php/Admin/worklog/wllist
WARN: 测试日志信息，这是警告级别

[ 2017-02-24T14:23:22+08:00 ] 127.0.0.1 /index.php/Admin/worklog/wllist
WARN: 测试日志信息，这是警告级别

[ 2017-02-24T14:24:56+08:00 ] 127.0.0.1 /index.php/Admin/worklog/wllist
WARN: 测试日志信息，这是警告级别

[ 2017-02-24T14:25:11+08:00 ] 127.0.0.1 /index.php/Admin/worklog/wllist
WARN: 测试日志信息，这是警告级别

[ 2017-02-24T14:25:33+08:00 ] 127.0.0.1 /index.php/Admin/worklog/wllist
WARN: 测试日志信息，这是警告级别

[ 2017-02-24T14:28:10+08:00 ] 127.0.0.1 /index.php/Admin/worklog/wllist
WARN: 测试日志信息，这是警告级别

[ 2017-02-24T14:28:27+08:00 ] 127.0.0.1 /index.php/Admin/worklog/wllist
WARN: 测试日志信息，这是警告级别

[ 2017-02-24T14:29:03+08:00 ] 127.0.0.1 /index.php/Admin/worklog/wllist
WARN: 测试日志信息，这是警告级别

[ 2017-02-24T14:29:17+08:00 ] 127.0.0.1 /index.php/Admin/worklog/wllist
WARN: 测试日志信息，这是警告级别

[ 2017-02-24T14:29:53+08:00 ] 127.0.0.1 /index.php/Admin/worklog/wllist
WARN: 测试日志信息，这是警告级别

[ 2017-02-24T14:40:14+08:00 ] 127.0.0.1 /index.php/Admin/worklog/wllist
WARN: 测试日志信息，这是警告级别

[ 2017-02-24T14:40:45+08:00 ] 127.0.0.1 /index.php/Admin/worklog/wllist
WARN: 测试日志信息，这是警告级别

[ 2017-02-24T14:41:19+08:00 ] 127.0.0.1 /index.php/Admin/worklog/wllist
WARN: 测试日志信息，这是警告级别

[ 2017-02-24T14:41:50+08:00 ] 127.0.0.1 /index.php/Admin/worklog/wllist
WARN: 测试日志信息，这是警告级别

[ 2017-02-24T14:42:33+08:00 ] 127.0.0.1 /index.php/Admin/worklog/wllist
WARN: 测试日志信息，这是警告级别

[ 2017-02-24T14:44:36+08:00 ] 127.0.0.1 /index.php/Admin/worklog/wllist
WARN: 测试日志信息，这是警告级别

[ 2017-02-24T14:44:36+08:00 ] 127.0.0.1 /index.php/Admin/worklog/fonts/font-awesome-4.2.0/css/font-awesome.min.css
WARN: 测试日志信息，这是警告级别
ERR: 非法操作:fonts

[ 2017-02-24T14:45:16+08:00 ] 127.0.0.1 /index.php/Admin/worklog/wllist
WARN: 测试日志信息，这是警告级别

[ 2017-02-24T14:46:50+08:00 ] 127.0.0.1 /index.php/Admin/worklog/wllist
WARN: 测试日志信息，这是警告级别

[ 2017-02-24T14:47:21+08:00 ] 127.0.0.1 /index.php/Admin/worklog/wllist
WARN: 测试日志信息，这是警告级别

[ 2017-02-24T14:47:49+08:00 ] 127.0.0.1 /index.php/Admin/worklog/wllist
WARN: 测试日志信息，这是警告级别

[ 2017-02-24T14:49:13+08:00 ] 127.0.0.1 /index.php/Admin/worklog/wllist
WARN: 测试日志信息，这是警告级别

[ 2017-02-24T14:51:23+08:00 ] 127.0.0.1 /index.php/Admin/worklog/wllist
WARN: 测试日志信息，这是警告级别

[ 2017-02-24T14:51:33+08:00 ] 127.0.0.1 /index.php/Admin/worklog/wllist
WARN: 测试日志信息，这是警告级别

[ 2017-02-24T14:51:48+08:00 ] 127.0.0.1 /index.php/Admin/worklog/wllist
WARN: 测试日志信息，这是警告级别

[ 2017-02-24T14:52:18+08:00 ] 127.0.0.1 /index.php/Admin/worklog/wllist
WARN: 测试日志信息，这是警告级别

[ 2017-02-24T14:52:57+08:00 ] 127.0.0.1 /index.php/Admin/worklog/wllist
WARN: 测试日志信息，这是警告级别

[ 2017-02-24T14:53:14+08:00 ] 127.0.0.1 /index.php/Admin/worklog/wllist
WARN: 测试日志信息，这是警告级别

[ 2017-02-24T14:54:26+08:00 ] 127.0.0.1 /index.php/Admin/worklog/wllist
WARN: 测试日志信息，这是警告级别

[ 2017-02-24T14:55:07+08:00 ] 127.0.0.1 /index.php/Admin/worklog/wllist
WARN: 测试日志信息，这是警告级别

[ 2017-02-24T14:56:52+08:00 ] 127.0.0.1 /index.php/Admin/worklog/wllist
WARN: 测试日志信息，这是警告级别

[ 2017-02-24T15:00:33+08:00 ] 127.0.0.1 /index.php/Admin/worklog/wllist
WARN: 测试日志信息，这是警告级别

[ 2017-02-24T15:11:58+08:00 ] 127.0.0.1 /index.php/Admin/worklog/wllist
WARN: 测试日志信息，这是警告级别

[ 2017-02-24T15:12:13+08:00 ] 127.0.0.1 /index.php/Admin/worklog/wllist
WARN: 测试日志信息，这是警告级别

[ 2017-02-24T15:12:20+08:00 ] 127.0.0.1 /index.php/Admin/worklog/wllist
WARN: 测试日志信息，这是警告级别

[ 2017-02-24T15:12:28+08:00 ] 127.0.0.1 /index.php/Admin/worklog/wllist
WARN: 测试日志信息，这是警告级别

[ 2017-02-24T15:12:35+08:00 ] 127.0.0.1 /index.php/Admin/worklog/wllist
WARN: 测试日志信息，这是警告级别

[ 2017-02-24T15:13:13+08:00 ] 127.0.0.1 /index.php/Admin/worklog/wllist
WARN: 测试日志信息，这是警告级别

[ 2017-02-24T15:13:52+08:00 ] 127.0.0.1 /index.php/Admin/worklog/wllist
WARN: 测试日志信息，这是警告级别

[ 2017-02-24T15:14:22+08:00 ] 127.0.0.1 /index.php/Admin/worklog/wllist
WARN: 测试日志信息，这是警告级别

[ 2017-02-24T15:14:35+08:00 ] 127.0.0.1 /index.php/Admin/worklog/wllist
WARN: 测试日志信息，这是警告级别

[ 2017-02-24T15:14:49+08:00 ] 127.0.0.1 /index.php/Admin/worklog/wllist
WARN: 测试日志信息，这是警告级别

[ 2017-02-24T15:15:03+08:00 ] 127.0.0.1 /index.php/Admin/worklog/wllist
WARN: 测试日志信息，这是警告级别

[ 2017-02-24T15:16:02+08:00 ] 127.0.0.1 /index.php/Admin/worklog/wllist
WARN: 测试日志信息，这是警告级别

[ 2017-02-24T15:16:12+08:00 ] 127.0.0.1 /index.php/Admin/worklog/wllist
WARN: 测试日志信息，这是警告级别

[ 2017-02-24T15:16:46+08:00 ] 127.0.0.1 /index.php/Admin/worklog/wllist
WARN: 测试日志信息，这是警告级别

[ 2017-02-24T15:17:42+08:00 ] 127.0.0.1 /index.php/Admin/worklog/wllist
WARN: 测试日志信息，这是警告级别

[ 2017-02-24T15:19:32+08:00 ] 127.0.0.1 /index.php/Admin/worklog/wllist
WARN: 测试日志信息，这是警告级别

[ 2017-02-24T15:20:17+08:00 ] 127.0.0.1 /index.php/Admin/worklog/wllist
WARN: 测试日志信息，这是警告级别

[ 2017-02-24T15:20:29+08:00 ] 127.0.0.1 /index.php/Admin/worklog/wllist
WARN: 测试日志信息，这是警告级别

[ 2017-02-24T15:20:39+08:00 ] 127.0.0.1 /index.php/Admin/worklog/wllist
WARN: 测试日志信息，这是警告级别

[ 2017-02-24T15:21:53+08:00 ] 127.0.0.1 /index.php/Admin/worklog/wllist
WARN: 测试日志信息，这是警告级别

[ 2017-02-24T15:22:02+08:00 ] 127.0.0.1 /index.php/Admin/worklog/wllist
WARN: 测试日志信息，这是警告级别

[ 2017-02-24T15:25:59+08:00 ] 127.0.0.1 /index.php/Admin/worklog/wllist
WARN: 测试日志信息，这是警告级别

[ 2017-02-24T15:27:18+08:00 ] 127.0.0.1 /index.php/Admin/worklog/wllist
WARN: 测试日志信息，这是警告级别

[ 2017-02-24T15:27:41+08:00 ] 127.0.0.1 /index.php/Admin/worklog/wllist
WARN: 测试日志信息，这是警告级别

[ 2017-02-24T15:27:47+08:00 ] 127.0.0.1 /index.php/Admin/worklog/wllist
WARN: 测试日志信息，这是警告级别

[ 2017-02-24T15:28:00+08:00 ] 127.0.0.1 /index.php/Admin/worklog/wllist
WARN: 测试日志信息，这是警告级别

[ 2017-02-24T15:28:06+08:00 ] 127.0.0.1 /index.php/Admin/worklog/wllist
WARN: 测试日志信息，这是警告级别

[ 2017-02-24T15:28:11+08:00 ] 127.0.0.1 /index.php/Admin/worklog/wllist
WARN: 测试日志信息，这是警告级别

[ 2017-02-24T15:28:21+08:00 ] 127.0.0.1 /index.php/Admin/worklog/wllist
WARN: 测试日志信息，这是警告级别

[ 2017-02-24T15:28:28+08:00 ] 127.0.0.1 /index.php/Admin/worklog/wllist
WARN: 测试日志信息，这是警告级别

[ 2017-02-24T15:28:38+08:00 ] 127.0.0.1 /index.php/Admin/worklog/wllist
WARN: 测试日志信息，这是警告级别

[ 2017-02-24T15:29:10+08:00 ] 127.0.0.1 /index.php/Admin/worklog/wllist
WARN: 测试日志信息，这是警告级别

[ 2017-02-24T15:29:37+08:00 ] 127.0.0.1 /index.php/Admin/worklog/wllist
WARN: 测试日志信息，这是警告级别

[ 2017-02-24T15:30:15+08:00 ] 127.0.0.1 /index.php/Admin/worklog/wllist
WARN: 测试日志信息，这是警告级别

[ 2017-02-24T15:30:24+08:00 ] 127.0.0.1 /index.php/Admin/worklog/wllist
WARN: 测试日志信息，这是警告级别

[ 2017-02-24T15:31:37+08:00 ] 127.0.0.1 /index.php/Admin/worklog/wllist
WARN: 测试日志信息，这是警告级别

[ 2017-02-24T15:31:47+08:00 ] 127.0.0.1 /index.php/Admin/worklog/wllist
WARN: 测试日志信息，这是警告级别

[ 2017-02-24T15:31:53+08:00 ] 127.0.0.1 /index.php/Admin/worklog/wllist
WARN: 测试日志信息，这是警告级别

[ 2017-02-24T15:32:21+08:00 ] 127.0.0.1 /index.php/Admin/worklog/wllist
WARN: 测试日志信息，这是警告级别

[ 2017-02-24T15:33:16+08:00 ] 127.0.0.1 /index.php/Admin/worklog/wllist
WARN: 测试日志信息，这是警告级别

[ 2017-02-24T15:33:31+08:00 ] 127.0.0.1 /index.php/Admin/worklog/wllist
WARN: 测试日志信息，这是警告级别

[ 2017-02-24T15:33:43+08:00 ] 127.0.0.1 /index.php/Admin/worklog/wllist
WARN: 测试日志信息，这是警告级别

[ 2017-02-24T15:42:17+08:00 ] 127.0.0.1 /index.php/Admin/worklog/wllist
WARN: 测试日志信息，这是警告级别

[ 2017-02-24T15:46:48+08:00 ] 127.0.0.1 /index.php/Admin/worklog/wllist
WARN: 测试日志信息，这是警告级别

[ 2017-02-24T15:47:14+08:00 ] 127.0.0.1 /index.php/Admin/worklog/wllist
WARN: 测试日志信息，这是警告级别

[ 2017-02-24T15:47:24+08:00 ] 127.0.0.1 /index.php/Admin/worklog/wllist
WARN: 测试日志信息，这是警告级别

[ 2017-02-24T15:55:29+08:00 ] 127.0.0.1 /index.php/Admin/worklog/wllist
WARN: 测试日志信息，这是警告级别

[ 2017-02-24T15:56:56+08:00 ] 127.0.0.1 /index.php/Admin/worklog/wllist
WARN: 测试日志信息，这是警告级别

[ 2017-02-24T15:57:05+08:00 ] 127.0.0.1 /index.php/Admin/worklog/wllist
WARN: 测试日志信息，这是警告级别

[ 2017-02-24T15:57:21+08:00 ] 127.0.0.1 /index.php/Admin/worklog/wllist
WARN: 测试日志信息，这是警告级别

[ 2017-02-24T15:57:49+08:00 ] 127.0.0.1 /index.php/Admin/worklog/wllist
WARN: 测试日志信息，这是警告级别

[ 2017-02-24T16:05:24+08:00 ] 127.0.0.1 /index.php/Admin/worklog/wllist
WARN: 测试日志信息，这是警告级别

